{"/home/dev68/Desktop/Training Days/Expense-Tracker-App/frontend/src/components/AddExpenseModal.jsx": {"path":"/home/dev68/Desktop/Training Days/Expense-Tracker-App/frontend/src/components/AddExpenseModal.jsx","statementMap":{"0":{"start":{"line":14,"column":20},"end":{"line":14,"column":49}},"1":{"start":{"line":16,"column":10},"end":{"line":46,"column":6}},"2":{"start":{"line":30,"column":12},"end":{"line":42,"column":null}},"3":{"start":{"line":31,"column":16},"end":{"line":31,"column":null}},"4":{"start":{"line":32,"column":16},"end":{"line":32,"column":null}},"5":{"start":{"line":33,"column":16},"end":{"line":33,"column":null}},"6":{"start":{"line":34,"column":16},"end":{"line":34,"column":null}},"7":{"start":{"line":35,"column":16},"end":{"line":35,"column":null}},"8":{"start":{"line":38,"column":16},"end":{"line":38,"column":null}},"9":{"start":{"line":39,"column":16},"end":{"line":42,"column":null}},"10":{"start":{"line":40,"column":20},"end":{"line":40,"column":null}},"11":{"start":{"line":41,"column":20},"end":{"line":41,"column":null}},"12":{"start":{"line":42,"column":20},"end":{"line":42,"column":null}},"13":{"start":{"line":48,"column":4},"end":{"line":168,"column":null}},"14":{"start":{"line":58,"column":47},"end":{"line":58,"column":66}},"15":{"start":{"line":91,"column":36},"end":{"line":92,"column":null}},"16":{"start":{"line":92,"column":40},"end":{"line":92,"column":null}},"17":{"start":{"line":127,"column":54},"end":{"line":127,"column":null}},"18":{"start":{"line":131,"column":40},"end":{"line":131,"column":null}},"19":{"start":{"line":134,"column":60},"end":{"line":139,"column":null}},"20":{"start":{"line":140,"column":63},"end":{"line":143,"column":null}}},"fnMap":{"0":{"name":"AddExpenseModal","decl":{"start":{"line":12,"column":9},"end":{"line":12,"column":25}},"loc":{"start":{"line":12,"column":61},"end":{"line":168,"column":null}},"line":12},"1":{"name":"(anonymous_1)","decl":{"start":{"line":29,"column":18},"end":{"line":29,"column":25}},"loc":{"start":{"line":29,"column":51},"end":{"line":42,"column":null}},"line":29},"2":{"name":"(anonymous_2)","decl":{"start":{"line":58,"column":32},"end":{"line":58,"column":47}},"loc":{"start":{"line":58,"column":47},"end":{"line":58,"column":66}},"line":58},"3":{"name":"(anonymous_3)","decl":{"start":{"line":90,"column":32},"end":{"line":90,"column":44}},"loc":{"start":{"line":90,"column":50},"end":{"line":92,"column":null}},"line":90},"4":{"name":"(anonymous_4)","decl":{"start":{"line":126,"column":56},"end":{"line":126,"column":null}},"loc":{"start":{"line":127,"column":54},"end":{"line":127,"column":null}},"line":127},"5":{"name":"(anonymous_5)","decl":{"start":{"line":130,"column":36},"end":{"line":130,"column":47}},"loc":{"start":{"line":130,"column":66},"end":{"line":131,"column":null}},"line":130},"6":{"name":"(anonymous_6)","decl":{"start":{"line":134,"column":40},"end":{"line":134,"column":50}},"loc":{"start":{"line":134,"column":60},"end":{"line":139,"column":null}},"line":134},"7":{"name":"(anonymous_7)","decl":{"start":{"line":140,"column":40},"end":{"line":140,"column":53}},"loc":{"start":{"line":140,"column":63},"end":{"line":143,"column":null}},"line":140}},"branchMap":{"0":{"loc":{"start":{"line":39,"column":16},"end":{"line":42,"column":null}},"type":"if","locations":[{"start":{"line":39,"column":16},"end":{"line":42,"column":null}},{"start":{},"end":{}}],"line":39},"1":{"loc":{"start":{"line":75,"column":29},"end":{"line":76,"column":null}},"type":"binary-expr","locations":[{"start":{"line":75,"column":29},"end":{"line":75,"column":53}},{"start":{"line":75,"column":53},"end":{"line":75,"column":null}},{"start":{"line":76,"column":32},"end":{"line":76,"column":null}}],"line":75},"2":{"loc":{"start":{"line":91,"column":36},"end":{"line":92,"column":null}},"type":"if","locations":[{"start":{"line":91,"column":36},"end":{"line":92,"column":null}},{"start":{},"end":{}}],"line":91},"3":{"loc":{"start":{"line":98,"column":32},"end":{"line":99,"column":null}},"type":"binary-expr","locations":[{"start":{"line":98,"column":32},"end":{"line":98,"column":57}},{"start":{"line":98,"column":57},"end":{"line":98,"column":null}},{"start":{"line":99,"column":32},"end":{"line":99,"column":null}}],"line":98},"4":{"loc":{"start":{"line":148,"column":32},"end":{"line":151,"column":null}},"type":"binary-expr","locations":[{"start":{"line":148,"column":32},"end":{"line":148,"column":59}},{"start":{"line":148,"column":59},"end":{"line":148,"column":null}},{"start":{"line":149,"column":36},"end":{"line":151,"column":null}}],"line":148},"5":{"loc":{"start":{"line":160,"column":32},"end":{"line":162,"column":null}},"type":"cond-expr","locations":[{"start":{"line":161,"column":38},"end":{"line":162,"column":null}},{"start":{"line":162,"column":38},"end":{"line":162,"column":null}}],"line":160}},"s":{"0":31,"1":31,"2":1,"3":1,"4":1,"5":1,"6":1,"7":1,"8":0,"9":0,"10":0,"11":0,"12":0,"13":31,"14":1,"15":3,"16":0,"17":155,"18":1,"19":0,"20":0},"f":{"0":31,"1":1,"2":1,"3":3,"4":155,"5":1,"6":0,"7":0},"b":{"0":[0,0],"1":[31,14,1],"2":[0,3],"3":[31,6,1],"4":[31,6,5],"5":[1,30]},"meta":{"lastBranch":6,"lastFunction":8,"lastStatement":21,"seen":{"f:12:9:12:25":0,"s:14:20:14:49":0,"s:16:10:46:6":1,"f:29:18:29:25":1,"s:30:12:42:Infinity":2,"s:31:16:31:Infinity":3,"s:32:16:32:Infinity":4,"s:33:16:33:Infinity":5,"s:34:16:34:Infinity":6,"s:35:16:35:Infinity":7,"s:38:16:38:Infinity":8,"b:39:16:42:Infinity:undefined:undefined:undefined:undefined":0,"s:39:16:42:Infinity":9,"s:40:20:40:Infinity":10,"s:41:20:41:Infinity":11,"s:42:20:42:Infinity":12,"s:48:4:168:Infinity":13,"f:58:32:58:47":2,"s:58:47:58:66":14,"b:75:29:75:53:75:53:75:Infinity:76:32:76:Infinity":1,"f:90:32:90:44":3,"b:91:36:92:Infinity:undefined:undefined:undefined:undefined":2,"s:91:36:92:Infinity":15,"s:92:40:92:Infinity":16,"b:98:32:98:57:98:57:98:Infinity:99:32:99:Infinity":3,"f:126:56:126:Infinity":4,"s:127:54:127:Infinity":17,"f:130:36:130:47":5,"s:131:40:131:Infinity":18,"f:134:40:134:50":6,"s:134:60:139:Infinity":19,"f:140:40:140:53":7,"s:140:63:143:Infinity":20,"b:148:32:148:59:148:59:148:Infinity:149:36:151:Infinity":4,"b:161:38:162:Infinity:162:38:162:Infinity":5}}}
,"/home/dev68/Desktop/Training Days/Expense-Tracker-App/frontend/src/components/BudgetTracker.jsx": {"path":"/home/dev68/Desktop/Training Days/Expense-Tracker-App/frontend/src/components/BudgetTracker.jsx","statementMap":{"0":{"start":{"line":9,"column":27},"end":{"line":9,"column":29}},"1":{"start":{"line":11,"column":4},"end":{"line":19,"column":null}},"2":{"start":{"line":12,"column":25},"end":{"line":12,"column":55}},"3":{"start":{"line":14,"column":8},"end":{"line":17,"column":null}},"4":{"start":{"line":15,"column":12},"end":{"line":15,"column":null}},"5":{"start":{"line":17,"column":12},"end":{"line":17,"column":null}},"6":{"start":{"line":21,"column":24},"end":{"line":21,"column":null}},"7":{"start":{"line":23,"column":4},"end":{"line":94,"column":null}},"8":{"start":{"line":45,"column":42},"end":{"line":45,"column":null}},"9":{"start":{"line":47,"column":42},"end":{"line":47,"column":null}},"10":{"start":{"line":49,"column":47},"end":{"line":49,"column":83}},"11":{"start":{"line":51,"column":28},"end":{"line":89,"column":null}}},"fnMap":{"0":{"name":"BudgetTracker","decl":{"start":{"line":7,"column":9},"end":{"line":7,"column":23}},"loc":{"start":{"line":7,"column":37},"end":{"line":94,"column":null}},"line":7},"1":{"name":"(anonymous_1)","decl":{"start":{"line":11,"column":13},"end":{"line":11,"column":22}},"loc":{"start":{"line":11,"column":34},"end":{"line":19,"column":null}},"line":11},"2":{"name":"(anonymous_2)","decl":{"start":{"line":43,"column":52},"end":{"line":43,"column":57}},"loc":{"start":{"line":43,"column":77},"end":{"line":89,"column":null}},"line":43}},"branchMap":{"0":{"loc":{"start":{"line":14,"column":8},"end":{"line":17,"column":null}},"type":"if","locations":[{"start":{"line":14,"column":8},"end":{"line":17,"column":null}},{"start":{"line":16,"column":15},"end":{"line":17,"column":null}}],"line":14},"1":{"loc":{"start":{"line":35,"column":20},"end":{"line":89,"column":null}},"type":"cond-expr","locations":[{"start":{"line":36,"column":24},"end":{"line":43,"column":31}},{"start":{"line":43,"column":24},"end":{"line":89,"column":null}}],"line":35},"2":{"loc":{"start":{"line":47,"column":42},"end":{"line":47,"column":null}},"type":"binary-expr","locations":[{"start":{"line":47,"column":42},"end":{"line":47,"column":68}},{"start":{"line":47,"column":68},"end":{"line":47,"column":null}}],"line":47},"3":{"loc":{"start":{"line":66,"column":46},"end":{"line":70,"column":null}},"type":"cond-expr","locations":[{"start":{"line":67,"column":50},"end":{"line":67,"column":null}},{"start":{"line":68,"column":50},"end":{"line":70,"column":null}}],"line":66},"4":{"loc":{"start":{"line":68,"column":50},"end":{"line":70,"column":null}},"type":"cond-expr","locations":[{"start":{"line":69,"column":54},"end":{"line":69,"column":null}},{"start":{"line":70,"column":54},"end":{"line":70,"column":null}}],"line":68},"5":{"loc":{"start":{"line":76,"column":40},"end":{"line":78,"column":null}},"type":"binary-expr","locations":[{"start":{"line":76,"column":40},"end":{"line":76,"column":null}},{"start":{"line":77,"column":44},"end":{"line":78,"column":null}}],"line":76},"6":{"loc":{"start":{"line":83,"column":40},"end":{"line":86,"column":null}},"type":"binary-expr","locations":[{"start":{"line":83,"column":40},"end":{"line":83,"column":64}},{"start":{"line":83,"column":64},"end":{"line":83,"column":null}},{"start":{"line":84,"column":44},"end":{"line":86,"column":null}}],"line":83}},"s":{"0":6,"1":6,"2":5,"3":5,"4":0,"5":5,"6":6,"7":6,"8":5,"9":5,"10":5,"11":5},"f":{"0":6,"1":5,"2":5},"b":{"0":[0,5],"1":[2,4],"2":[5,0],"3":[1,4],"4":[1,3],"5":[5,1],"6":[5,2,1]},"meta":{"lastBranch":7,"lastFunction":3,"lastStatement":12,"seen":{"f:7:9:7:23":0,"s:9:27:9:29":0,"s:11:4:19:Infinity":1,"f:11:13:11:22":1,"s:12:25:12:55":2,"b:14:8:17:Infinity:16:15:17:Infinity":0,"s:14:8:17:Infinity":3,"s:15:12:15:Infinity":4,"s:17:12:17:Infinity":5,"s:21:24:21:Infinity":6,"s:23:4:94:Infinity":7,"b:36:24:43:31:43:24:89:Infinity":1,"f:43:52:43:57":2,"s:45:42:45:Infinity":8,"s:47:42:47:Infinity":9,"b:47:42:47:68:47:68:47:Infinity":2,"s:49:47:49:83":10,"s:51:28:89:Infinity":11,"b:67:50:67:Infinity:68:50:70:Infinity":3,"b:69:54:69:Infinity:70:54:70:Infinity":4,"b:76:40:76:Infinity:77:44:78:Infinity":5,"b:83:40:83:64:83:64:83:Infinity:84:44:86:Infinity":6}}}
,"/home/dev68/Desktop/Training Days/Expense-Tracker-App/frontend/src/components/Calender.jsx": {"path":"/home/dev68/Desktop/Training Days/Expense-Tracker-App/frontend/src/components/Calender.jsx","statementMap":{"0":{"start":{"line":12,"column":4},"end":{"line":30,"column":null}},"1":{"start":{"line":18,"column":24},"end":{"line":18,"column":null}},"2":{"start":{"line":19,"column":45},"end":{"line":19,"column":106}},"3":{"start":{"line":20,"column":24},"end":{"line":20,"column":null}},"4":{"start":{"line":21,"column":24},"end":{"line":21,"column":null}},"5":{"start":{"line":22,"column":24},"end":{"line":22,"column":null}}},"fnMap":{"0":{"name":"Calender","decl":{"start":{"line":7,"column":9},"end":{"line":7,"column":18}},"loc":{"start":{"line":11,"column":3},"end":{"line":30,"column":null}},"line":11},"1":{"name":"(anonymous_1)","decl":{"start":{"line":17,"column":20},"end":{"line":17,"column":31}},"loc":{"start":{"line":17,"column":40},"end":{"line":22,"column":null}},"line":17}},"branchMap":{"0":{"loc":{"start":{"line":19,"column":45},"end":{"line":19,"column":106}},"type":"binary-expr","locations":[{"start":{"line":19,"column":45},"end":{"line":19,"column":100}},{"start":{"line":19,"column":104},"end":{"line":19,"column":106}}],"line":19}},"s":{"0":4,"1":3,"2":3,"3":3,"4":3,"5":3},"f":{"0":4,"1":3},"b":{"0":[3,3]},"meta":{"lastBranch":1,"lastFunction":2,"lastStatement":6,"seen":{"f:7:9:7:18":0,"s:12:4:30:Infinity":0,"f:17:20:17:31":1,"s:18:24:18:Infinity":1,"s:19:45:19:106":2,"b:19:45:19:100:19:104:19:106":0,"s:20:24:20:Infinity":3,"s:21:24:21:Infinity":4,"s:22:24:22:Infinity":5}}}
,"/home/dev68/Desktop/Training Days/Expense-Tracker-App/frontend/src/components/Categories.jsx": {"path":"/home/dev68/Desktop/Training Days/Expense-Tracker-App/frontend/src/components/Categories.jsx","statementMap":{"0":{"start":{"line":3,"column":31},"end":{"line":9,"column":null}},"1":{"start":{"line":11,"column":28},"end":{"line":17,"column":null}}},"fnMap":{},"branchMap":{},"s":{"0":3,"1":3},"f":{},"b":{},"meta":{"lastBranch":0,"lastFunction":0,"lastStatement":2,"seen":{"s:3:31:9:Infinity":0,"s:11:28:17:Infinity":1}}}
,"/home/dev68/Desktop/Training Days/Expense-Tracker-App/frontend/src/components/DeleteExpenseModal.jsx": {"path":"/home/dev68/Desktop/Training Days/Expense-Tracker-App/frontend/src/components/DeleteExpenseModal.jsx","statementMap":{"0":{"start":{"line":12,"column":20},"end":{"line":12,"column":49}},"1":{"start":{"line":14,"column":4},"end":{"line":50,"column":null}},"2":{"start":{"line":32,"column":39},"end":{"line":32,"column":79}},"3":{"start":{"line":43,"column":39},"end":{"line":43,"column":64}}},"fnMap":{"0":{"name":"DeleteExpenseModal","decl":{"start":{"line":6,"column":9},"end":{"line":6,"column":28}},"loc":{"start":{"line":10,"column":3},"end":{"line":50,"column":null}},"line":10},"1":{"name":"(anonymous_1)","decl":{"start":{"line":32,"column":24},"end":{"line":32,"column":39}},"loc":{"start":{"line":32,"column":39},"end":{"line":32,"column":79}},"line":32},"2":{"name":"(anonymous_2)","decl":{"start":{"line":43,"column":24},"end":{"line":43,"column":39}},"loc":{"start":{"line":43,"column":39},"end":{"line":43,"column":64}},"line":43}},"branchMap":{"0":{"loc":{"start":{"line":36,"column":28},"end":{"line":38,"column":null}},"type":"cond-expr","locations":[{"start":{"line":37,"column":34},"end":{"line":38,"column":null}},{"start":{"line":38,"column":34},"end":{"line":38,"column":null}}],"line":36}},"s":{"0":4,"1":4,"2":1,"3":1},"f":{"0":4,"1":1,"2":1},"b":{"0":[0,4]},"meta":{"lastBranch":1,"lastFunction":3,"lastStatement":4,"seen":{"f:6:9:6:28":0,"s:12:20:12:49":0,"s:14:4:50:Infinity":1,"f:32:24:32:39":1,"s:32:39:32:79":2,"b:37:34:38:Infinity:38:34:38:Infinity":0,"f:43:24:43:39":2,"s:43:39:43:64":3}}}
,"/home/dev68/Desktop/Training Days/Expense-Tracker-App/frontend/src/components/EditExpenseModal.jsx": {"path":"/home/dev68/Desktop/Training Days/Expense-Tracker-App/frontend/src/components/EditExpenseModal.jsx","statementMap":{"0":{"start":{"line":16,"column":20},"end":{"line":16,"column":49}},"1":{"start":{"line":18,"column":28},"end":{"line":24,"column":null}},"2":{"start":{"line":26,"column":10},"end":{"line":52,"column":6}},"3":{"start":{"line":42,"column":12},"end":{"line":49,"column":null}},"4":{"start":{"line":43,"column":16},"end":{"line":43,"column":null}},"5":{"start":{"line":44,"column":16},"end":{"line":44,"column":null}},"6":{"start":{"line":45,"column":16},"end":{"line":45,"column":null}},"7":{"start":{"line":46,"column":16},"end":{"line":46,"column":null}},"8":{"start":{"line":48,"column":16},"end":{"line":48,"column":null}},"9":{"start":{"line":49,"column":16},"end":{"line":49,"column":null}},"10":{"start":{"line":54,"column":4},"end":{"line":138,"column":null}},"11":{"start":{"line":63,"column":39},"end":{"line":63,"column":62}},"12":{"start":{"line":116,"column":42},"end":{"line":116,"column":null}},"13":{"start":{"line":120,"column":28},"end":{"line":123,"column":null}}},"fnMap":{"0":{"name":"EditExpenseModal","decl":{"start":{"line":11,"column":9},"end":{"line":11,"column":26}},"loc":{"start":{"line":15,"column":3},"end":{"line":138,"column":null}},"line":15},"1":{"name":"(anonymous_1)","decl":{"start":{"line":41,"column":18},"end":{"line":41,"column":25}},"loc":{"start":{"line":41,"column":36},"end":{"line":49,"column":null}},"line":41},"2":{"name":"(anonymous_2)","decl":{"start":{"line":63,"column":24},"end":{"line":63,"column":39}},"loc":{"start":{"line":63,"column":39},"end":{"line":63,"column":62}},"line":63},"3":{"name":"(anonymous_3)","decl":{"start":{"line":115,"column":44},"end":{"line":115,"column":null}},"loc":{"start":{"line":116,"column":42},"end":{"line":116,"column":null}},"line":116},"4":{"name":"(anonymous_4)","decl":{"start":{"line":119,"column":24},"end":{"line":119,"column":35}},"loc":{"start":{"line":119,"column":54},"end":{"line":123,"column":null}},"line":119}},"branchMap":{"0":{"loc":{"start":{"line":28,"column":19},"end":{"line":28,"column":null}},"type":"binary-expr","locations":[{"start":{"line":28,"column":19},"end":{"line":28,"column":45}},{"start":{"line":28,"column":45},"end":{"line":28,"column":null}}],"line":28},"1":{"loc":{"start":{"line":29,"column":20},"end":{"line":29,"column":null}},"type":"binary-expr","locations":[{"start":{"line":29,"column":20},"end":{"line":29,"column":47}},{"start":{"line":29,"column":47},"end":{"line":29,"column":null}}],"line":29},"2":{"loc":{"start":{"line":30,"column":22},"end":{"line":30,"column":null}},"type":"binary-expr","locations":[{"start":{"line":30,"column":22},"end":{"line":30,"column":62}},{"start":{"line":30,"column":66},"end":{"line":30,"column":null}}],"line":30},"3":{"loc":{"start":{"line":86,"column":24},"end":{"line":89,"column":null}},"type":"binary-expr","locations":[{"start":{"line":86,"column":24},"end":{"line":86,"column":null}},{"start":{"line":87,"column":24},"end":{"line":89,"column":null}}],"line":86},"4":{"loc":{"start":{"line":132,"column":24},"end":{"line":134,"column":null}},"type":"cond-expr","locations":[{"start":{"line":133,"column":30},"end":{"line":134,"column":null}},{"start":{"line":134,"column":30},"end":{"line":134,"column":null}}],"line":132}},"s":{"0":30,"1":30,"2":30,"3":2,"4":2,"5":2,"6":2,"7":2,"8":0,"9":0,"10":30,"11":1,"12":30,"13":1},"f":{"0":30,"1":2,"2":1,"3":30,"4":1},"b":{"0":[30,0],"1":[30,0],"2":[30,0],"3":[30,2],"4":[3,27]},"meta":{"lastBranch":5,"lastFunction":5,"lastStatement":14,"seen":{"f:11:9:11:26":0,"s:16:20:16:49":0,"s:18:28:24:Infinity":1,"s:26:10:52:6":2,"b:28:19:28:45:28:45:28:Infinity":0,"b:29:20:29:47:29:47:29:Infinity":1,"b:30:22:30:62:30:66:30:Infinity":2,"f:41:18:41:25":1,"s:42:12:49:Infinity":3,"s:43:16:43:Infinity":4,"s:44:16:44:Infinity":5,"s:45:16:45:Infinity":6,"s:46:16:46:Infinity":7,"s:48:16:48:Infinity":8,"s:49:16:49:Infinity":9,"s:54:4:138:Infinity":10,"f:63:24:63:39":2,"s:63:39:63:62":11,"b:86:24:86:Infinity:87:24:89:Infinity":3,"f:115:44:115:Infinity":3,"s:116:42:116:Infinity":12,"f:119:24:119:35":4,"s:120:28:123:Infinity":13,"b:133:30:134:Infinity:134:30:134:Infinity":4}}}
,"/home/dev68/Desktop/Training Days/Expense-Tracker-App/frontend/src/components/ExpenseCharts.jsx": {"path":"/home/dev68/Desktop/Training Days/Expense-Tracker-App/frontend/src/components/ExpenseCharts.jsx","statementMap":{"0":{"start":{"line":21,"column":19},"end":{"line":21,"column":null}},"1":{"start":{"line":23,"column":24},"end":{"line":23,"column":26}},"2":{"start":{"line":25,"column":4},"end":{"line":33,"column":null}},"3":{"start":{"line":26,"column":25},"end":{"line":26,"column":null}},"4":{"start":{"line":28,"column":8},"end":{"line":31,"column":null}},"5":{"start":{"line":29,"column":12},"end":{"line":29,"column":null}},"6":{"start":{"line":31,"column":12},"end":{"line":31,"column":null}},"7":{"start":{"line":35,"column":20},"end":{"line":38,"column":7}},"8":{"start":{"line":35,"column":59},"end":{"line":38,"column":7}},"9":{"start":{"line":40,"column":23},"end":{"line":40,"column":25}},"10":{"start":{"line":42,"column":4},"end":{"line":55,"column":null}},"11":{"start":{"line":44,"column":21},"end":{"line":44,"column":43}},"12":{"start":{"line":46,"column":22},"end":{"line":48,"column":10}},"13":{"start":{"line":50,"column":8},"end":{"line":53,"column":null}},"14":{"start":{"line":51,"column":12},"end":{"line":51,"column":null}},"15":{"start":{"line":53,"column":12},"end":{"line":53,"column":null}},"16":{"start":{"line":57,"column":22},"end":{"line":60,"column":7}},"17":{"start":{"line":57,"column":60},"end":{"line":60,"column":7}},"18":{"start":{"line":62,"column":4},"end":{"line":152,"column":null}},"19":{"start":{"line":119,"column":40},"end":{"line":119,"column":null}},"20":{"start":{"line":124,"column":44},"end":{"line":128,"column":null}}},"fnMap":{"0":{"name":"ExpenseCharts","decl":{"start":{"line":19,"column":9},"end":{"line":19,"column":23}},"loc":{"start":{"line":19,"column":43},"end":{"line":152,"column":null}},"line":19},"1":{"name":"(anonymous_1)","decl":{"start":{"line":25,"column":13},"end":{"line":25,"column":22}},"loc":{"start":{"line":25,"column":34},"end":{"line":33,"column":null}},"line":25},"2":{"name":"(anonymous_2)","decl":{"start":{"line":35,"column":45},"end":{"line":35,"column":50}},"loc":{"start":{"line":35,"column":59},"end":{"line":38,"column":7}},"line":35},"3":{"name":"(anonymous_3)","decl":{"start":{"line":42,"column":13},"end":{"line":42,"column":22}},"loc":{"start":{"line":42,"column":34},"end":{"line":55,"column":null}},"line":42},"4":{"name":"(anonymous_4)","decl":{"start":{"line":57,"column":46},"end":{"line":57,"column":51}},"loc":{"start":{"line":57,"column":60},"end":{"line":60,"column":7}},"line":57},"5":{"name":"(anonymous_5)","decl":{"start":{"line":118,"column":36},"end":{"line":118,"column":44}},"loc":{"start":{"line":119,"column":40},"end":{"line":119,"column":null}},"line":119},"6":{"name":"(anonymous_6)","decl":{"start":{"line":123,"column":48},"end":{"line":123,"column":53}},"loc":{"start":{"line":124,"column":44},"end":{"line":128,"column":null}},"line":124}},"branchMap":{"0":{"loc":{"start":{"line":28,"column":8},"end":{"line":31,"column":null}},"type":"if","locations":[{"start":{"line":28,"column":8},"end":{"line":31,"column":null}},{"start":{"line":30,"column":15},"end":{"line":31,"column":null}}],"line":28},"1":{"loc":{"start":{"line":50,"column":8},"end":{"line":53,"column":null}},"type":"if","locations":[{"start":{"line":50,"column":8},"end":{"line":53,"column":null}},{"start":{"line":52,"column":15},"end":{"line":53,"column":null}}],"line":50},"2":{"loc":{"start":{"line":68,"column":24},"end":{"line":72,"column":null}},"type":"cond-expr","locations":[{"start":{"line":69,"column":30},"end":{"line":69,"column":null}},{"start":{"line":70,"column":30},"end":{"line":72,"column":null}}],"line":68},"3":{"loc":{"start":{"line":70,"column":30},"end":{"line":72,"column":null}},"type":"cond-expr","locations":[{"start":{"line":71,"column":34},"end":{"line":71,"column":null}},{"start":{"line":72,"column":34},"end":{"line":72,"column":null}}],"line":70},"4":{"loc":{"start":{"line":85,"column":24},"end":{"line":147,"column":null}},"type":"cond-expr","locations":[{"start":{"line":87,"column":28},"end":{"line":101,"column":37}},{"start":{"line":101,"column":28},"end":{"line":147,"column":null}}],"line":85},"5":{"loc":{"start":{"line":101,"column":28},"end":{"line":147,"column":null}},"type":"cond-expr","locations":[{"start":{"line":103,"column":28},"end":{"line":134,"column":29}},{"start":{"line":134,"column":28},"end":{"line":147,"column":null}}],"line":101}},"s":{"0":5,"1":5,"2":5,"3":12,"4":12,"5":4,"6":8,"7":5,"8":8,"9":5,"10":5,"11":12,"12":12,"13":12,"14":4,"15":8,"16":5,"17":8,"18":5,"19":0,"20":4},"f":{"0":5,"1":12,"2":8,"3":12,"4":8,"5":0,"6":4},"b":{"0":[4,8],"1":[4,8],"2":[2,3],"3":[2,1],"4":[2,3],"5":[2,1]},"meta":{"lastBranch":6,"lastFunction":7,"lastStatement":21,"seen":{"f:19:9:19:23":0,"s:21:19:21:Infinity":0,"s:23:24:23:26":1,"s:25:4:33:Infinity":2,"f:25:13:25:22":1,"s:26:25:26:Infinity":3,"b:28:8:31:Infinity:30:15:31:Infinity":0,"s:28:8:31:Infinity":4,"s:29:12:29:Infinity":5,"s:31:12:31:Infinity":6,"s:35:20:38:7":7,"f:35:45:35:50":2,"s:35:59:38:7":8,"s:40:23:40:25":9,"s:42:4:55:Infinity":10,"f:42:13:42:22":3,"s:44:21:44:43":11,"s:46:22:48:10":12,"b:50:8:53:Infinity:52:15:53:Infinity":1,"s:50:8:53:Infinity":13,"s:51:12:51:Infinity":14,"s:53:12:53:Infinity":15,"s:57:22:60:7":16,"f:57:46:57:51":4,"s:57:60:60:7":17,"s:62:4:152:Infinity":18,"b:69:30:69:Infinity:70:30:72:Infinity":2,"b:71:34:71:Infinity:72:34:72:Infinity":3,"b:87:28:101:37:101:28:147:Infinity":4,"b:103:28:134:29:134:28:147:Infinity":5,"f:118:36:118:44":5,"s:119:40:119:Infinity":19,"f:123:48:123:53":6,"s:124:44:128:Infinity":20}}}
,"/home/dev68/Desktop/Training Days/Expense-Tracker-App/frontend/src/components/Filter.jsx": {"path":"/home/dev68/Desktop/Training Days/Expense-Tracker-App/frontend/src/components/Filter.jsx","statementMap":{"0":{"start":{"line":9,"column":28},"end":{"line":12,"column":7}},"1":{"start":{"line":9,"column":58},"end":{"line":12,"column":7}},"2":{"start":{"line":14,"column":4},"end":{"line":59,"column":null}},"3":{"start":{"line":32,"column":44},"end":{"line":32,"column":null}},"4":{"start":{"line":36,"column":28},"end":{"line":36,"column":76}},"5":{"start":{"line":39,"column":48},"end":{"line":45,"column":null}},"6":{"start":{"line":47,"column":55},"end":{"line":48,"column":null}},"7":{"start":{"line":51,"column":51},"end":{"line":54,"column":null}}},"fnMap":{"0":{"name":"Filter","decl":{"start":{"line":7,"column":9},"end":{"line":7,"column":16}},"loc":{"start":{"line":7,"column":71},"end":{"line":59,"column":null}},"line":7},"1":{"name":"(anonymous_1)","decl":{"start":{"line":9,"column":39},"end":{"line":9,"column":44}},"loc":{"start":{"line":9,"column":58},"end":{"line":12,"column":7}},"line":9},"2":{"name":"(anonymous_2)","decl":{"start":{"line":31,"column":44},"end":{"line":31,"column":null}},"loc":{"start":{"line":32,"column":44},"end":{"line":32,"column":null}},"line":32},"3":{"name":"(anonymous_3)","decl":{"start":{"line":35,"column":24},"end":{"line":35,"column":35}},"loc":{"start":{"line":36,"column":28},"end":{"line":36,"column":76}},"line":36},"4":{"name":"(anonymous_4)","decl":{"start":{"line":39,"column":28},"end":{"line":39,"column":38}},"loc":{"start":{"line":39,"column":48},"end":{"line":45,"column":null}},"line":39},"5":{"name":"(anonymous_5)","decl":{"start":{"line":47,"column":28},"end":{"line":47,"column":55}},"loc":{"start":{"line":47,"column":55},"end":{"line":48,"column":null}},"line":47},"6":{"name":"(anonymous_6)","decl":{"start":{"line":51,"column":28},"end":{"line":51,"column":41}},"loc":{"start":{"line":51,"column":51},"end":{"line":54,"column":null}},"line":51}},"branchMap":{"0":{"loc":{"start":{"line":36,"column":48},"end":{"line":36,"column":76}},"type":"binary-expr","locations":[{"start":{"line":36,"column":48},"end":{"line":36,"column":73}},{"start":{"line":36,"column":73},"end":{"line":36,"column":76}}],"line":36}},"s":{"0":6,"1":14,"2":6,"3":12,"4":1,"5":11,"6":11,"7":4},"f":{"0":6,"1":14,"2":12,"3":1,"4":11,"5":11,"6":4},"b":{"0":[1,0]},"meta":{"lastBranch":1,"lastFunction":7,"lastStatement":8,"seen":{"f:7:9:7:16":0,"s:9:28:12:7":0,"f:9:39:9:44":1,"s:9:58:12:7":1,"s:14:4:59:Infinity":2,"f:31:44:31:Infinity":2,"s:32:44:32:Infinity":3,"f:35:24:35:35":3,"s:36:28:36:76":4,"b:36:48:36:73:36:73:36:76":0,"f:39:28:39:38":4,"s:39:48:45:Infinity":5,"f:47:28:47:55":5,"s:47:55:48:Infinity":6,"f:51:28:51:41":6,"s:51:51:54:Infinity":7}}}
,"/home/dev68/Desktop/Training Days/Expense-Tracker-App/frontend/src/components/Loading.jsx": {"path":"/home/dev68/Desktop/Training Days/Expense-Tracker-App/frontend/src/components/Loading.jsx","statementMap":{"0":{"start":{"line":7,"column":4},"end":{"line":11,"column":null}},"1":{"start":{"line":8,"column":8},"end":{"line":11,"column":null}},"2":{"start":{"line":15,"column":4},"end":{"line":18,"column":null}}},"fnMap":{"0":{"name":"Loading","decl":{"start":{"line":5,"column":9},"end":{"line":5,"column":17}},"loc":{"start":{"line":5,"column":61},"end":{"line":18,"column":null}},"line":5}},"branchMap":{"0":{"loc":{"start":{"line":5,"column":19},"end":{"line":5,"column":40}},"type":"default-arg","locations":[{"start":{"line":5,"column":26},"end":{"line":5,"column":40}}],"line":5},"1":{"loc":{"start":{"line":5,"column":40},"end":{"line":5,"column":61}},"type":"default-arg","locations":[{"start":{"line":5,"column":53},"end":{"line":5,"column":61}}],"line":5},"2":{"loc":{"start":{"line":7,"column":4},"end":{"line":11,"column":null}},"type":"if","locations":[{"start":{"line":7,"column":4},"end":{"line":11,"column":null}},{"start":{},"end":{}}],"line":7}},"s":{"0":4,"1":3,"2":1},"f":{"0":4},"b":{"0":[4],"1":[4],"2":[3,1]},"meta":{"lastBranch":3,"lastFunction":1,"lastStatement":3,"seen":{"f:5:9:5:17":0,"b:5:26:5:40":0,"b:5:53:5:61":1,"b:7:4:11:Infinity:undefined:undefined:undefined:undefined":2,"s:7:4:11:Infinity":0,"s:8:8:11:Infinity":1,"s:15:4:18:Infinity":2}}}
,"/home/dev68/Desktop/Training Days/Expense-Tracker-App/frontend/src/components/Navbar.jsx": {"path":"/home/dev68/Desktop/Training Days/Expense-Tracker-App/frontend/src/components/Navbar.jsx","statementMap":{"0":{"start":{"line":14,"column":24},"end":{"line":14,"column":57}},"1":{"start":{"line":15,"column":24},"end":{"line":15,"column":57}},"2":{"start":{"line":16,"column":25},"end":{"line":16,"column":59}},"3":{"start":{"line":17,"column":21},"end":{"line":17,"column":51}},"4":{"start":{"line":19,"column":10},"end":{"line":19,"column":34}},"5":{"start":{"line":21,"column":18},"end":{"line":21,"column":38}},"6":{"start":{"line":23,"column":10},"end":{"line":25,"column":null}},"7":{"start":{"line":24,"column":8},"end":{"line":24,"column":null}},"8":{"start":{"line":25,"column":8},"end":{"line":25,"column":null}},"9":{"start":{"line":28,"column":4},"end":{"line":265,"column":null}},"10":{"start":{"line":51,"column":51},"end":{"line":51,"column":72}},"11":{"start":{"line":65,"column":43},"end":{"line":65,"column":65}},"12":{"start":{"line":83,"column":47},"end":{"line":83,"column":69}},"13":{"start":{"line":115,"column":43},"end":{"line":115,"column":64}},"14":{"start":{"line":125,"column":43},"end":{"line":125,"column":61}},"15":{"start":{"line":132,"column":43},"end":{"line":132,"column":74}},"16":{"start":{"line":141,"column":47},"end":{"line":141,"column":75}},"17":{"start":{"line":158,"column":59},"end":{"line":158,"column":80}},"18":{"start":{"line":165,"column":52},"end":{"line":165,"column":null}},"19":{"start":{"line":166,"column":52},"end":{"line":166,"column":null}},"20":{"start":{"line":185,"column":43},"end":{"line":185,"column":65}},"21":{"start":{"line":198,"column":55},"end":{"line":198,"column":73}},"22":{"start":{"line":216,"column":48},"end":{"line":216,"column":null}},"23":{"start":{"line":217,"column":48},"end":{"line":217,"column":null}},"24":{"start":{"line":229,"column":48},"end":{"line":229,"column":null}},"25":{"start":{"line":230,"column":48},"end":{"line":230,"column":null}},"26":{"start":{"line":239,"column":48},"end":{"line":239,"column":null}},"27":{"start":{"line":240,"column":48},"end":{"line":240,"column":null}},"28":{"start":{"line":249,"column":48},"end":{"line":249,"column":null}},"29":{"start":{"line":250,"column":48},"end":{"line":250,"column":null}}},"fnMap":{"0":{"name":"Navbar","decl":{"start":{"line":12,"column":9},"end":{"line":12,"column":16}},"loc":{"start":{"line":12,"column":114},"end":{"line":265,"column":null}},"line":12},"1":{"name":"(anonymous_1)","decl":{"start":{"line":12,"column":83},"end":{"line":12,"column":107}},"loc":{"start":{"line":12,"column":107},"end":{"line":12,"column":114}},"line":12},"2":{"name":"(anonymous_2)","decl":{"start":{"line":23,"column":10},"end":{"line":23,"column":31}},"loc":{"start":{"line":23,"column":31},"end":{"line":25,"column":null}},"line":23},"3":{"name":"(anonymous_3)","decl":{"start":{"line":51,"column":36},"end":{"line":51,"column":51}},"loc":{"start":{"line":51,"column":51},"end":{"line":51,"column":72}},"line":51},"4":{"name":"(anonymous_4)","decl":{"start":{"line":65,"column":28},"end":{"line":65,"column":43}},"loc":{"start":{"line":65,"column":43},"end":{"line":65,"column":65}},"line":65},"5":{"name":"(anonymous_5)","decl":{"start":{"line":83,"column":32},"end":{"line":83,"column":47}},"loc":{"start":{"line":83,"column":47},"end":{"line":83,"column":69}},"line":83},"6":{"name":"(anonymous_6)","decl":{"start":{"line":115,"column":28},"end":{"line":115,"column":43}},"loc":{"start":{"line":115,"column":43},"end":{"line":115,"column":64}},"line":115},"7":{"name":"(anonymous_7)","decl":{"start":{"line":125,"column":28},"end":{"line":125,"column":43}},"loc":{"start":{"line":125,"column":43},"end":{"line":125,"column":61}},"line":125},"8":{"name":"(anonymous_8)","decl":{"start":{"line":132,"column":28},"end":{"line":132,"column":43}},"loc":{"start":{"line":132,"column":43},"end":{"line":132,"column":74}},"line":132},"9":{"name":"(anonymous_9)","decl":{"start":{"line":141,"column":32},"end":{"line":141,"column":47}},"loc":{"start":{"line":141,"column":47},"end":{"line":141,"column":75}},"line":141},"10":{"name":"(anonymous_10)","decl":{"start":{"line":158,"column":44},"end":{"line":158,"column":59}},"loc":{"start":{"line":158,"column":59},"end":{"line":158,"column":80}},"line":158},"11":{"name":"(anonymous_11)","decl":{"start":{"line":164,"column":48},"end":{"line":164,"column":63}},"loc":{"start":{"line":164,"column":63},"end":{"line":166,"column":null}},"line":164},"12":{"name":"(anonymous_12)","decl":{"start":{"line":185,"column":28},"end":{"line":185,"column":43}},"loc":{"start":{"line":185,"column":43},"end":{"line":185,"column":65}},"line":185},"13":{"name":"(anonymous_13)","decl":{"start":{"line":198,"column":40},"end":{"line":198,"column":55}},"loc":{"start":{"line":198,"column":55},"end":{"line":198,"column":73}},"line":198},"14":{"name":"(anonymous_14)","decl":{"start":{"line":215,"column":44},"end":{"line":215,"column":59}},"loc":{"start":{"line":215,"column":59},"end":{"line":217,"column":null}},"line":215},"15":{"name":"(anonymous_15)","decl":{"start":{"line":228,"column":44},"end":{"line":228,"column":59}},"loc":{"start":{"line":228,"column":59},"end":{"line":230,"column":null}},"line":228},"16":{"name":"(anonymous_16)","decl":{"start":{"line":238,"column":44},"end":{"line":238,"column":59}},"loc":{"start":{"line":238,"column":59},"end":{"line":240,"column":null}},"line":238},"17":{"name":"(anonymous_17)","decl":{"start":{"line":248,"column":44},"end":{"line":248,"column":59}},"loc":{"start":{"line":248,"column":59},"end":{"line":250,"column":null}},"line":248}},"branchMap":{"0":{"loc":{"start":{"line":12,"column":32},"end":{"line":12,"column":56}},"type":"default-arg","locations":[{"start":{"line":12,"column":49},"end":{"line":12,"column":56}}],"line":12},"1":{"loc":{"start":{"line":12,"column":56},"end":{"line":12,"column":81}},"type":"default-arg","locations":[{"start":{"line":12,"column":71},"end":{"line":12,"column":81}}],"line":12},"2":{"loc":{"start":{"line":12,"column":83},"end":{"line":12,"column":114}},"type":"default-arg","locations":[{"start":{"line":12,"column":83},"end":{"line":12,"column":114}}],"line":12},"3":{"loc":{"start":{"line":31,"column":16},"end":{"line":58,"column":null}},"type":"binary-expr","locations":[{"start":{"line":31,"column":16},"end":{"line":31,"column":null}},{"start":{"line":32,"column":20},"end":{"line":58,"column":null}}],"line":31},"4":{"loc":{"start":{"line":62,"column":16},"end":{"line":74,"column":null}},"type":"binary-expr","locations":[{"start":{"line":62,"column":16},"end":{"line":62,"column":null}},{"start":{"line":63,"column":20},"end":{"line":74,"column":null}}],"line":62},"5":{"loc":{"start":{"line":81,"column":24},"end":{"line":93,"column":21}},"type":"binary-expr","locations":[{"start":{"line":81,"column":24},"end":{"line":81,"column":null}},{"start":{"line":82,"column":28},"end":{"line":93,"column":21}}],"line":81},"6":{"loc":{"start":{"line":96,"column":32},"end":{"line":98,"column":null}},"type":"cond-expr","locations":[{"start":{"line":97,"column":38},"end":{"line":97,"column":null}},{"start":{"line":98,"column":38},"end":{"line":98,"column":null}}],"line":96},"7":{"loc":{"start":{"line":104,"column":32},"end":{"line":106,"column":null}},"type":"cond-expr","locations":[{"start":{"line":105,"column":38},"end":{"line":105,"column":null}},{"start":{"line":106,"column":38},"end":{"line":106,"column":null}}],"line":104},"8":{"loc":{"start":{"line":154,"column":32},"end":{"line":176,"column":null}},"type":"binary-expr","locations":[{"start":{"line":154,"column":32},"end":{"line":154,"column":null}},{"start":{"line":155,"column":36},"end":{"line":176,"column":null}}],"line":154},"9":{"loc":{"start":{"line":195,"column":28},"end":{"line":259,"column":null}},"type":"binary-expr","locations":[{"start":{"line":195,"column":28},"end":{"line":195,"column":null}},{"start":{"line":196,"column":32},"end":{"line":259,"column":null}}],"line":195}},"s":{"0":19,"1":19,"2":19,"3":19,"4":19,"5":19,"6":19,"7":1,"8":1,"9":19,"10":1,"11":0,"12":0,"13":0,"14":1,"15":0,"16":4,"17":0,"18":3,"19":3,"20":0,"21":0,"22":0,"23":0,"24":0,"25":0,"26":0,"27":0,"28":0,"29":0},"f":{"0":19,"1":0,"2":1,"3":1,"4":0,"5":0,"6":0,"7":1,"8":0,"9":4,"10":0,"11":3,"12":0,"13":0,"14":0,"15":0,"16":0,"17":0},"b":{"0":[19],"1":[19],"2":[0],"3":[19,4],"4":[19,0],"5":[19,1],"6":[1,18],"7":[1,18],"8":[19,4],"9":[19,0]},"meta":{"lastBranch":10,"lastFunction":18,"lastStatement":30,"seen":{"f:12:9:12:16":0,"b:12:49:12:56":0,"b:12:71:12:81":1,"b:12:83:12:114":2,"f:12:83:12:107":1,"s:14:24:14:57":0,"s:15:24:15:57":1,"s:16:25:16:59":2,"s:17:21:17:51":3,"s:19:10:19:34":4,"s:21:18:21:38":5,"s:23:10:25:Infinity":6,"f:23:10:23:31":2,"s:24:8:24:Infinity":7,"s:25:8:25:Infinity":8,"s:28:4:265:Infinity":9,"b:31:16:31:Infinity:32:20:58:Infinity":3,"f:51:36:51:51":3,"s:51:51:51:72":10,"b:62:16:62:Infinity:63:20:74:Infinity":4,"f:65:28:65:43":4,"s:65:43:65:65":11,"b:81:24:81:Infinity:82:28:93:21":5,"f:83:32:83:47":5,"s:83:47:83:69":12,"b:97:38:97:Infinity:98:38:98:Infinity":6,"b:105:38:105:Infinity:106:38:106:Infinity":7,"f:115:28:115:43":6,"s:115:43:115:64":13,"f:125:28:125:43":7,"s:125:43:125:61":14,"f:132:28:132:43":8,"s:132:43:132:74":15,"f:141:32:141:47":9,"s:141:47:141:75":16,"b:154:32:154:Infinity:155:36:176:Infinity":8,"f:158:44:158:59":10,"s:158:59:158:80":17,"f:164:48:164:63":11,"s:165:52:165:Infinity":18,"s:166:52:166:Infinity":19,"f:185:28:185:43":12,"s:185:43:185:65":20,"b:195:28:195:Infinity:196:32:259:Infinity":9,"f:198:40:198:55":13,"s:198:55:198:73":21,"f:215:44:215:59":14,"s:216:48:216:Infinity":22,"s:217:48:217:Infinity":23,"f:228:44:228:59":15,"s:229:48:229:Infinity":24,"s:230:48:230:Infinity":25,"f:238:44:238:59":16,"s:239:48:239:Infinity":26,"s:240:48:240:Infinity":27,"f:248:44:248:59":17,"s:249:48:249:Infinity":28,"s:250:48:250:Infinity":29}}}
,"/home/dev68/Desktop/Training Days/Expense-Tracker-App/frontend/src/components/RecentTransactions.jsx": {"path":"/home/dev68/Desktop/Training Days/Expense-Tracker-App/frontend/src/components/RecentTransactions.jsx","statementMap":{"0":{"start":{"line":10,"column":10},"end":{"line":10,"column":34}},"1":{"start":{"line":12,"column":4},"end":{"line":74,"column":null}},"2":{"start":{"line":24,"column":35},"end":{"line":24,"column":66}},"3":{"start":{"line":40,"column":24},"end":{"line":68,"column":null}}},"fnMap":{"0":{"name":"RecentTransactions","decl":{"start":{"line":8,"column":9},"end":{"line":8,"column":28}},"loc":{"start":{"line":8,"column":42},"end":{"line":74,"column":null}},"line":8},"1":{"name":"(anonymous_1)","decl":{"start":{"line":24,"column":20},"end":{"line":24,"column":35}},"loc":{"start":{"line":24,"column":35},"end":{"line":24,"column":66}},"line":24},"2":{"name":"(anonymous_2)","decl":{"start":{"line":39,"column":59},"end":{"line":39,"column":64}},"loc":{"start":{"line":40,"column":24},"end":{"line":68,"column":null}},"line":40}},"branchMap":{"0":{"loc":{"start":{"line":31,"column":17},"end":{"line":68,"column":null}},"type":"cond-expr","locations":[{"start":{"line":32,"column":20},"end":{"line":39,"column":29}},{"start":{"line":39,"column":20},"end":{"line":68,"column":null}}],"line":31}},"s":{"0":6,"1":6,"2":1,"3":3},"f":{"0":6,"1":1,"2":3},"b":{"0":[3,3]},"meta":{"lastBranch":1,"lastFunction":3,"lastStatement":4,"seen":{"f:8:9:8:28":0,"s:10:10:10:34":0,"s:12:4:74:Infinity":1,"f:24:20:24:35":1,"s:24:35:24:66":2,"b:32:20:39:29:39:20:68:Infinity":0,"f:39:59:39:64":2,"s:40:24:68:Infinity":3}}}
,"/home/dev68/Desktop/Training Days/Expense-Tracker-App/frontend/src/components/SearchBar.jsx": {"path":"/home/dev68/Desktop/Training Days/Expense-Tracker-App/frontend/src/components/SearchBar.jsx","statementMap":{"0":{"start":{"line":7,"column":4},"end":{"line":24,"column":null}},"1":{"start":{"line":18,"column":41},"end":{"line":18,"column":70}}},"fnMap":{"0":{"name":"SearchBar","decl":{"start":{"line":6,"column":9},"end":{"line":6,"column":19}},"loc":{"start":{"line":6,"column":50},"end":{"line":24,"column":null}},"line":6},"1":{"name":"(anonymous_1)","decl":{"start":{"line":18,"column":24},"end":{"line":18,"column":35}},"loc":{"start":{"line":18,"column":41},"end":{"line":18,"column":70}},"line":18}},"branchMap":{},"s":{"0":6,"1":5},"f":{"0":6,"1":5},"b":{},"meta":{"lastBranch":0,"lastFunction":2,"lastStatement":2,"seen":{"f:6:9:6:19":0,"s:7:4:24:Infinity":0,"f:18:24:18:35":1,"s:18:41:18:70":1}}}
,"/home/dev68/Desktop/Training Days/Expense-Tracker-App/frontend/src/components/Sort.jsx": {"path":"/home/dev68/Desktop/Training Days/Expense-Tracker-App/frontend/src/components/Sort.jsx","statementMap":{"0":{"start":{"line":9,"column":24},"end":{"line":15,"column":null}},"1":{"start":{"line":17,"column":4},"end":{"line":67,"column":null}},"2":{"start":{"line":34,"column":44},"end":{"line":34,"column":null}},"3":{"start":{"line":39,"column":28},"end":{"line":39,"column":59}},"4":{"start":{"line":46,"column":48},"end":{"line":51,"column":null}},"5":{"start":{"line":53,"column":55},"end":{"line":54,"column":null}},"6":{"start":{"line":57,"column":51},"end":{"line":60,"column":null}}},"fnMap":{"0":{"name":"Sort","decl":{"start":{"line":7,"column":9},"end":{"line":7,"column":14}},"loc":{"start":{"line":7,"column":37},"end":{"line":67,"column":null}},"line":7},"1":{"name":"(anonymous_1)","decl":{"start":{"line":33,"column":40},"end":{"line":33,"column":null}},"loc":{"start":{"line":34,"column":44},"end":{"line":34,"column":null}},"line":34},"2":{"name":"(anonymous_2)","decl":{"start":{"line":38,"column":24},"end":{"line":38,"column":35}},"loc":{"start":{"line":39,"column":28},"end":{"line":39,"column":59}},"line":39},"3":{"name":"(anonymous_3)","decl":{"start":{"line":46,"column":28},"end":{"line":46,"column":38}},"loc":{"start":{"line":46,"column":48},"end":{"line":51,"column":null}},"line":46},"4":{"name":"(anonymous_4)","decl":{"start":{"line":53,"column":28},"end":{"line":53,"column":55}},"loc":{"start":{"line":53,"column":55},"end":{"line":54,"column":null}},"line":53},"5":{"name":"(anonymous_5)","decl":{"start":{"line":57,"column":28},"end":{"line":57,"column":41}},"loc":{"start":{"line":57,"column":51},"end":{"line":60,"column":null}},"line":57}},"branchMap":{},"s":{"0":6,"1":6,"2":7,"3":1,"4":12,"5":12,"6":5},"f":{"0":6,"1":7,"2":1,"3":12,"4":12,"5":5},"b":{},"meta":{"lastBranch":0,"lastFunction":6,"lastStatement":7,"seen":{"f:7:9:7:14":0,"s:9:24:15:Infinity":0,"s:17:4:67:Infinity":1,"f:33:40:33:Infinity":1,"s:34:44:34:Infinity":2,"f:38:24:38:35":2,"s:39:28:39:59":3,"f:46:28:46:38":3,"s:46:48:51:Infinity":4,"f:53:28:53:55":4,"s:53:55:54:Infinity":5,"f:57:28:57:41":5,"s:57:51:60:Infinity":6}}}
,"/home/dev68/Desktop/Training Days/Expense-Tracker-App/frontend/src/components/SummaryCard.jsx": {"path":"/home/dev68/Desktop/Training Days/Expense-Tracker-App/frontend/src/components/SummaryCard.jsx","statementMap":{"0":{"start":{"line":7,"column":4},"end":{"line":29,"column":null}}},"fnMap":{"0":{"name":"SummaryCard","decl":{"start":{"line":5,"column":9},"end":{"line":5,"column":21}},"loc":{"start":{"line":5,"column":55},"end":{"line":29,"column":null}},"line":5}},"branchMap":{"0":{"loc":{"start":{"line":8,"column":93},"end":{"line":10,"column":null}},"type":"cond-expr","locations":[{"start":{"line":9,"column":18},"end":{"line":9,"column":null}},{"start":{"line":10,"column":18},"end":{"line":10,"column":null}}],"line":8},"1":{"loc":{"start":{"line":13,"column":62},"end":{"line":13,"column":null}},"type":"cond-expr","locations":[{"start":{"line":13,"column":69},"end":{"line":13,"column":87}},{"start":{"line":13,"column":87},"end":{"line":13,"column":null}}],"line":13},"2":{"loc":{"start":{"line":23,"column":81},"end":{"line":25,"column":null}},"type":"cond-expr","locations":[{"start":{"line":24,"column":26},"end":{"line":24,"column":null}},{"start":{"line":25,"column":26},"end":{"line":25,"column":null}}],"line":23}},"s":{"0":4},"f":{"0":4},"b":{"0":[1,3],"1":[1,3],"2":[1,3]},"meta":{"lastBranch":3,"lastFunction":1,"lastStatement":1,"seen":{"f:5:9:5:21":0,"s:7:4:29:Infinity":0,"b:9:18:9:Infinity:10:18:10:Infinity":0,"b:13:69:13:87:13:87:13:Infinity":1,"b:24:26:24:Infinity:25:26:25:Infinity":2}}}
,"/home/dev68/Desktop/Training Days/Expense-Tracker-App/frontend/src/components/UsersExpensesCards.jsx": {"path":"/home/dev68/Desktop/Training Days/Expense-Tracker-App/frontend/src/components/UsersExpensesCards.jsx","statementMap":{"0":{"start":{"line":22,"column":22},"end":{"line":22,"column":53}},"1":{"start":{"line":23,"column":26},"end":{"line":23,"column":61}},"2":{"start":{"line":24,"column":28},"end":{"line":24,"column":65}},"3":{"start":{"line":25,"column":28},"end":{"line":25,"column":64}},"4":{"start":{"line":26,"column":21},"end":{"line":26,"column":48}},"5":{"start":{"line":27,"column":20},"end":{"line":27,"column":49}},"6":{"start":{"line":28,"column":26},"end":{"line":28,"column":64}},"7":{"start":{"line":29,"column":23},"end":{"line":29,"column":52}},"8":{"start":{"line":30,"column":29},"end":{"line":30,"column":64}},"9":{"start":{"line":31,"column":19},"end":{"line":31,"column":44}},"10":{"start":{"line":33,"column":4},"end":{"line":35,"column":null}},"11":{"start":{"line":34,"column":8},"end":{"line":34,"column":null}},"12":{"start":{"line":37,"column":26},"end":{"line":49,"column":null}},"13":{"start":{"line":39,"column":8},"end":{"line":39,"column":null}},"14":{"start":{"line":41,"column":8},"end":{"line":49,"column":null}},"15":{"start":{"line":42,"column":29},"end":{"line":42,"column":48}},"16":{"start":{"line":43,"column":12},"end":{"line":43,"column":null}},"17":{"start":{"line":46,"column":12},"end":{"line":46,"column":null}},"18":{"start":{"line":49,"column":12},"end":{"line":49,"column":null}},"19":{"start":{"line":53,"column":29},"end":{"line":70,"column":null}},"20":{"start":{"line":54,"column":14},"end":{"line":54,"column":60}},"21":{"start":{"line":56,"column":8},"end":{"line":57,"column":null}},"22":{"start":{"line":57,"column":12},"end":{"line":57,"column":null}},"23":{"start":{"line":60,"column":8},"end":{"line":70,"column":null}},"24":{"start":{"line":61,"column":29},"end":{"line":61,"column":53}},"25":{"start":{"line":62,"column":12},"end":{"line":62,"column":null}},"26":{"start":{"line":62,"column":34},"end":{"line":62,"column":63}},"27":{"start":{"line":63,"column":12},"end":{"line":63,"column":null}},"28":{"start":{"line":66,"column":12},"end":{"line":66,"column":null}},"29":{"start":{"line":67,"column":12},"end":{"line":70,"column":null}},"30":{"start":{"line":68,"column":16},"end":{"line":68,"column":null}},"31":{"start":{"line":69,"column":16},"end":{"line":69,"column":null}},"32":{"start":{"line":70,"column":16},"end":{"line":70,"column":null}},"33":{"start":{"line":75,"column":32},"end":{"line":92,"column":null}},"34":{"start":{"line":77,"column":14},"end":{"line":77,"column":64}},"35":{"start":{"line":80,"column":8},"end":{"line":81,"column":null}},"36":{"start":{"line":81,"column":12},"end":{"line":81,"column":null}},"37":{"start":{"line":84,"column":8},"end":{"line":92,"column":null}},"38":{"start":{"line":85,"column":29},"end":{"line":85,"column":60}},"39":{"start":{"line":86,"column":12},"end":{"line":89,"column":null}},"40":{"start":{"line":87,"column":16},"end":{"line":88,"column":70}},"41":{"start":{"line":88,"column":20},"end":{"line":88,"column":70}},"42":{"start":{"line":91,"column":12},"end":{"line":91,"column":null}},"43":{"start":{"line":92,"column":12},"end":{"line":92,"column":null}},"44":{"start":{"line":96,"column":32},"end":{"line":104,"column":null}},"45":{"start":{"line":97,"column":8},"end":{"line":104,"column":null}},"46":{"start":{"line":98,"column":12},"end":{"line":98,"column":null}},"47":{"start":{"line":99,"column":12},"end":{"line":99,"column":null}},"48":{"start":{"line":99,"column":34},"end":{"line":99,"column":78}},"49":{"start":{"line":99,"column":59},"end":{"line":99,"column":78}},"50":{"start":{"line":100,"column":12},"end":{"line":100,"column":null}},"51":{"start":{"line":101,"column":12},"end":{"line":101,"column":null}},"52":{"start":{"line":103,"column":12},"end":{"line":103,"column":null}},"53":{"start":{"line":104,"column":12},"end":{"line":104,"column":null}},"54":{"start":{"line":108,"column":10},"end":{"line":108,"column":73}},"55":{"start":{"line":109,"column":29},"end":{"line":113,"column":null}},"56":{"start":{"line":110,"column":30},"end":{"line":110,"column":92}},"57":{"start":{"line":111,"column":32},"end":{"line":111,"column":124}},"58":{"start":{"line":112,"column":8},"end":{"line":112,"column":null}},"59":{"start":{"line":115,"column":23},"end":{"line":115,"column":80}},"60":{"start":{"line":115,"column":61},"end":{"line":115,"column":78}},"61":{"start":{"line":117,"column":27},"end":{"line":130,"column":null}},"62":{"start":{"line":118,"column":8},"end":{"line":119,"column":null}},"63":{"start":{"line":119,"column":12},"end":{"line":119,"column":null}},"64":{"start":{"line":121,"column":8},"end":{"line":122,"column":null}},"65":{"start":{"line":122,"column":12},"end":{"line":122,"column":null}},"66":{"start":{"line":124,"column":8},"end":{"line":125,"column":null}},"67":{"start":{"line":125,"column":12},"end":{"line":125,"column":null}},"68":{"start":{"line":127,"column":8},"end":{"line":128,"column":null}},"69":{"start":{"line":128,"column":12},"end":{"line":128,"column":null}},"70":{"start":{"line":132,"column":4},"end":{"line":133,"column":null}},"71":{"start":{"line":133,"column":8},"end":{"line":133,"column":null}},"72":{"start":{"line":136,"column":4},"end":{"line":303,"column":null}},"73":{"start":{"line":183,"column":47},"end":{"line":183,"column":65}},"74":{"start":{"line":237,"column":44},"end":{"line":293,"column":null}},"75":{"start":{"line":246,"column":64},"end":{"line":246,"column":null}},"76":{"start":{"line":247,"column":64},"end":{"line":247,"column":null}},"77":{"start":{"line":259,"column":64},"end":{"line":259,"column":null}},"78":{"start":{"line":260,"column":64},"end":{"line":260,"column":null}}},"fnMap":{"0":{"name":"UsersExpensesCards","decl":{"start":{"line":20,"column":9},"end":{"line":20,"column":30}},"loc":{"start":{"line":20,"column":30},"end":{"line":303,"column":null}},"line":20},"1":{"name":"(anonymous_1)","decl":{"start":{"line":33,"column":4},"end":{"line":33,"column":20}},"loc":{"start":{"line":33,"column":20},"end":{"line":35,"column":9}},"line":33},"2":{"name":"(anonymous_2)","decl":{"start":{"line":37,"column":26},"end":{"line":37,"column":38}},"loc":{"start":{"line":37,"column":38},"end":{"line":49,"column":null}},"line":37},"3":{"name":"(anonymous_3)","decl":{"start":{"line":53,"column":29},"end":{"line":53,"column":36}},"loc":{"start":{"line":53,"column":47},"end":{"line":70,"column":null}},"line":53},"4":{"name":"(anonymous_4)","decl":{"start":{"line":62,"column":12},"end":{"line":62,"column":25}},"loc":{"start":{"line":62,"column":34},"end":{"line":62,"column":63}},"line":62},"5":{"name":"(anonymous_5)","decl":{"start":{"line":75,"column":32},"end":{"line":75,"column":39}},"loc":{"start":{"line":75,"column":54},"end":{"line":92,"column":null}},"line":75},"6":{"name":"(anonymous_6)","decl":{"start":{"line":86,"column":12},"end":{"line":86,"column":25}},"loc":{"start":{"line":87,"column":16},"end":{"line":88,"column":70}},"line":87},"7":{"name":"(anonymous_7)","decl":{"start":{"line":87,"column":21},"end":{"line":87,"column":26}},"loc":{"start":{"line":88,"column":20},"end":{"line":88,"column":70}},"line":88},"8":{"name":"(anonymous_8)","decl":{"start":{"line":96,"column":32},"end":{"line":96,"column":39}},"loc":{"start":{"line":96,"column":46},"end":{"line":104,"column":null}},"line":96},"9":{"name":"(anonymous_9)","decl":{"start":{"line":99,"column":12},"end":{"line":99,"column":25}},"loc":{"start":{"line":99,"column":34},"end":{"line":99,"column":78}},"line":99},"10":{"name":"(anonymous_10)","decl":{"start":{"line":99,"column":39},"end":{"line":99,"column":47}},"loc":{"start":{"line":99,"column":59},"end":{"line":99,"column":78}},"line":99},"11":{"name":"(anonymous_11)","decl":{"start":{"line":109,"column":45},"end":{"line":109,"column":53}},"loc":{"start":{"line":109,"column":65},"end":{"line":113,"column":null}},"line":109},"12":{"name":"(anonymous_12)","decl":{"start":{"line":115,"column":44},"end":{"line":115,"column":49}},"loc":{"start":{"line":115,"column":61},"end":{"line":115,"column":78}},"line":115},"13":{"name":"(anonymous_13)","decl":{"start":{"line":117,"column":49},"end":{"line":117,"column":55}},"loc":{"start":{"line":117,"column":64},"end":{"line":130,"column":null}},"line":117},"14":{"name":"(anonymous_14)","decl":{"start":{"line":183,"column":32},"end":{"line":183,"column":47}},"loc":{"start":{"line":183,"column":47},"end":{"line":183,"column":65}},"line":183},"15":{"name":"(anonymous_15)","decl":{"start":{"line":236,"column":56},"end":{"line":236,"column":61}},"loc":{"start":{"line":237,"column":44},"end":{"line":293,"column":null}},"line":237},"16":{"name":"(anonymous_16)","decl":{"start":{"line":245,"column":60},"end":{"line":245,"column":75}},"loc":{"start":{"line":245,"column":75},"end":{"line":247,"column":null}},"line":245},"17":{"name":"(anonymous_17)","decl":{"start":{"line":258,"column":60},"end":{"line":258,"column":75}},"loc":{"start":{"line":258,"column":75},"end":{"line":260,"column":null}},"line":258}},"branchMap":{"0":{"loc":{"start":{"line":56,"column":8},"end":{"line":57,"column":null}},"type":"if","locations":[{"start":{"line":56,"column":8},"end":{"line":57,"column":null}},{"start":{},"end":{}}],"line":56},"1":{"loc":{"start":{"line":67,"column":12},"end":{"line":70,"column":null}},"type":"if","locations":[{"start":{"line":67,"column":12},"end":{"line":70,"column":null}},{"start":{},"end":{}}],"line":67},"2":{"loc":{"start":{"line":80,"column":8},"end":{"line":81,"column":null}},"type":"if","locations":[{"start":{"line":80,"column":8},"end":{"line":81,"column":null}},{"start":{},"end":{}}],"line":80},"3":{"loc":{"start":{"line":88,"column":20},"end":{"line":88,"column":70}},"type":"cond-expr","locations":[{"start":{"line":88,"column":41},"end":{"line":88,"column":62}},{"start":{"line":88,"column":62},"end":{"line":88,"column":70}}],"line":88},"4":{"loc":{"start":{"line":111,"column":32},"end":{"line":111,"column":124}},"type":"binary-expr","locations":[{"start":{"line":111,"column":32},"end":{"line":111,"column":59}},{"start":{"line":111,"column":59},"end":{"line":111,"column":124}}],"line":111},"5":{"loc":{"start":{"line":112,"column":15},"end":{"line":112,"column":null}},"type":"binary-expr","locations":[{"start":{"line":112,"column":15},"end":{"line":112,"column":32}},{"start":{"line":112,"column":32},"end":{"line":112,"column":null}}],"line":112},"6":{"loc":{"start":{"line":118,"column":8},"end":{"line":119,"column":null}},"type":"if","locations":[{"start":{"line":118,"column":8},"end":{"line":119,"column":null}},{"start":{},"end":{}}],"line":118},"7":{"loc":{"start":{"line":121,"column":8},"end":{"line":122,"column":null}},"type":"if","locations":[{"start":{"line":121,"column":8},"end":{"line":122,"column":null}},{"start":{},"end":{}}],"line":121},"8":{"loc":{"start":{"line":124,"column":8},"end":{"line":125,"column":null}},"type":"if","locations":[{"start":{"line":124,"column":8},"end":{"line":125,"column":null}},{"start":{},"end":{}}],"line":124},"9":{"loc":{"start":{"line":127,"column":8},"end":{"line":128,"column":null}},"type":"if","locations":[{"start":{"line":127,"column":8},"end":{"line":128,"column":null}},{"start":{},"end":{}}],"line":127},"10":{"loc":{"start":{"line":132,"column":4},"end":{"line":133,"column":null}},"type":"if","locations":[{"start":{"line":132,"column":4},"end":{"line":133,"column":null}},{"start":{},"end":{}}],"line":132},"11":{"loc":{"start":{"line":139,"column":16},"end":{"line":143,"column":null}},"type":"binary-expr","locations":[{"start":{"line":139,"column":16},"end":{"line":139,"column":null}},{"start":{"line":140,"column":20},"end":{"line":143,"column":null}}],"line":139},"12":{"loc":{"start":{"line":148,"column":16},"end":{"line":153,"column":null}},"type":"binary-expr","locations":[{"start":{"line":148,"column":16},"end":{"line":148,"column":null}},{"start":{"line":149,"column":20},"end":{"line":153,"column":null}}],"line":148},"13":{"loc":{"start":{"line":157,"column":16},"end":{"line":162,"column":null}},"type":"binary-expr","locations":[{"start":{"line":157,"column":16},"end":{"line":157,"column":null}},{"start":{"line":158,"column":20},"end":{"line":162,"column":null}}],"line":157},"14":{"loc":{"start":{"line":169,"column":17},"end":{"line":298,"column":null}},"type":"cond-expr","locations":[{"start":{"line":170,"column":20},"end":{"line":195,"column":25}},{"start":{"line":195,"column":24},"end":{"line":298,"column":null}}],"line":169},"15":{"loc":{"start":{"line":214,"column":32},"end":{"line":298,"column":null}},"type":"cond-expr","locations":[{"start":{"line":216,"column":36},"end":{"line":234,"column":37}},{"start":{"line":234,"column":36},"end":{"line":298,"column":null}}],"line":214}},"s":{"0":13,"1":13,"2":13,"3":13,"4":13,"5":13,"6":13,"7":13,"8":13,"9":13,"10":13,"11":4,"12":13,"13":4,"14":4,"15":4,"16":4,"17":0,"18":4,"19":13,"20":0,"21":0,"22":0,"23":0,"24":0,"25":0,"26":0,"27":0,"28":0,"29":0,"30":0,"31":0,"32":0,"33":13,"34":0,"35":0,"36":0,"37":0,"38":0,"39":0,"40":0,"41":0,"42":0,"43":0,"44":13,"45":0,"46":0,"47":0,"48":0,"49":0,"50":0,"51":0,"52":0,"53":0,"54":13,"55":13,"56":2,"57":2,"58":2,"59":13,"60":2,"61":13,"62":0,"63":0,"64":0,"65":0,"66":0,"67":0,"68":0,"69":0,"70":13,"71":4,"72":9,"73":0,"74":2,"75":0,"76":0,"77":0,"78":0},"f":{"0":13,"1":4,"2":4,"3":0,"4":0,"5":0,"6":0,"7":0,"8":0,"9":0,"10":0,"11":2,"12":2,"13":0,"14":0,"15":2,"16":0,"17":0},"b":{"0":[0,0],"1":[0,0],"2":[0,0],"3":[0,0],"4":[2,0],"5":[2,2],"6":[0,0],"7":[0,0],"8":[0,0],"9":[0,0],"10":[4,9],"11":[9,1],"12":[13,0],"13":[13,0],"14":[7,2],"15":[0,2]},"meta":{"lastBranch":16,"lastFunction":18,"lastStatement":79,"seen":{"f:20:9:20:30":0,"s:22:22:22:53":0,"s:23:26:23:61":1,"s:24:28:24:65":2,"s:25:28:25:64":3,"s:26:21:26:48":4,"s:27:20:27:49":5,"s:28:26:28:64":6,"s:29:23:29:52":7,"s:30:29:30:64":8,"s:31:19:31:44":9,"s:33:4:35:Infinity":10,"f:33:4:33:20":1,"s:34:8:34:Infinity":11,"s:37:26:49:Infinity":12,"f:37:26:37:38":2,"s:39:8:39:Infinity":13,"s:41:8:49:Infinity":14,"s:42:29:42:48":15,"s:43:12:43:Infinity":16,"s:46:12:46:Infinity":17,"s:49:12:49:Infinity":18,"s:53:29:70:Infinity":19,"f:53:29:53:36":3,"s:54:14:54:60":20,"b:56:8:57:Infinity:undefined:undefined:undefined:undefined":0,"s:56:8:57:Infinity":21,"s:57:12:57:Infinity":22,"s:60:8:70:Infinity":23,"s:61:29:61:53":24,"s:62:12:62:Infinity":25,"f:62:12:62:25":4,"s:62:34:62:63":26,"s:63:12:63:Infinity":27,"s:66:12:66:Infinity":28,"b:67:12:70:Infinity:undefined:undefined:undefined:undefined":1,"s:67:12:70:Infinity":29,"s:68:16:68:Infinity":30,"s:69:16:69:Infinity":31,"s:70:16:70:Infinity":32,"s:75:32:92:Infinity":33,"f:75:32:75:39":5,"s:77:14:77:64":34,"b:80:8:81:Infinity:undefined:undefined:undefined:undefined":2,"s:80:8:81:Infinity":35,"s:81:12:81:Infinity":36,"s:84:8:92:Infinity":37,"s:85:29:85:60":38,"s:86:12:89:Infinity":39,"f:86:12:86:25":6,"s:87:16:88:70":40,"f:87:21:87:26":7,"s:88:20:88:70":41,"b:88:41:88:62:88:62:88:70":3,"s:91:12:91:Infinity":42,"s:92:12:92:Infinity":43,"s:96:32:104:Infinity":44,"f:96:32:96:39":8,"s:97:8:104:Infinity":45,"s:98:12:98:Infinity":46,"s:99:12:99:Infinity":47,"f:99:12:99:25":9,"s:99:34:99:78":48,"f:99:39:99:47":10,"s:99:59:99:78":49,"s:100:12:100:Infinity":50,"s:101:12:101:Infinity":51,"s:103:12:103:Infinity":52,"s:104:12:104:Infinity":53,"s:108:10:108:73":54,"s:109:29:113:Infinity":55,"f:109:45:109:53":11,"s:110:30:110:92":56,"s:111:32:111:124":57,"b:111:32:111:59:111:59:111:124":4,"s:112:8:112:Infinity":58,"b:112:15:112:32:112:32:112:Infinity":5,"s:115:23:115:80":59,"f:115:44:115:49":12,"s:115:61:115:78":60,"s:117:27:130:Infinity":61,"f:117:49:117:55":13,"b:118:8:119:Infinity:undefined:undefined:undefined:undefined":6,"s:118:8:119:Infinity":62,"s:119:12:119:Infinity":63,"b:121:8:122:Infinity:undefined:undefined:undefined:undefined":7,"s:121:8:122:Infinity":64,"s:122:12:122:Infinity":65,"b:124:8:125:Infinity:undefined:undefined:undefined:undefined":8,"s:124:8:125:Infinity":66,"s:125:12:125:Infinity":67,"b:127:8:128:Infinity:undefined:undefined:undefined:undefined":9,"s:127:8:128:Infinity":68,"s:128:12:128:Infinity":69,"b:132:4:133:Infinity:undefined:undefined:undefined:undefined":10,"s:132:4:133:Infinity":70,"s:133:8:133:Infinity":71,"s:136:4:303:Infinity":72,"b:139:16:139:Infinity:140:20:143:Infinity":11,"b:148:16:148:Infinity:149:20:153:Infinity":12,"b:157:16:157:Infinity:158:20:162:Infinity":13,"b:170:20:195:25:195:24:298:Infinity":14,"f:183:32:183:47":14,"s:183:47:183:65":73,"b:216:36:234:37:234:36:298:Infinity":15,"f:236:56:236:61":15,"s:237:44:293:Infinity":74,"f:245:60:245:75":16,"s:246:64:246:Infinity":75,"s:247:64:247:Infinity":76,"f:258:60:258:75":17,"s:259:64:259:Infinity":77,"s:260:64:260:Infinity":78}}}
,"/home/dev68/Desktop/Training Days/Expense-Tracker-App/frontend/src/context/AuthContext.jsx": {"path":"/home/dev68/Desktop/Training Days/Expense-Tracker-App/frontend/src/context/AuthContext.jsx","statementMap":{"0":{"start":{"line":5,"column":6},"end":{"line":5,"column":35}},"1":{"start":{"line":9,"column":17},"end":{"line":9,"column":42}},"2":{"start":{"line":10,"column":18},"end":{"line":10,"column":44}},"3":{"start":{"line":11,"column":20},"end":{"line":11,"column":48}},"4":{"start":{"line":13,"column":4},"end":{"line":20,"column":null}},"5":{"start":{"line":14,"column":24},"end":{"line":14,"column":79}},"6":{"start":{"line":15,"column":8},"end":{"line":17,"column":null}},"7":{"start":{"line":16,"column":12},"end":{"line":16,"column":null}},"8":{"start":{"line":17,"column":12},"end":{"line":17,"column":null}},"9":{"start":{"line":19,"column":8},"end":{"line":19,"column":null}},"10":{"start":{"line":22,"column":10},"end":{"line":29,"column":null}},"11":{"start":{"line":23,"column":24},"end":{"line":26,"column":null}},"12":{"start":{"line":27,"column":8},"end":{"line":27,"column":null}},"13":{"start":{"line":28,"column":8},"end":{"line":28,"column":null}},"14":{"start":{"line":29,"column":8},"end":{"line":29,"column":null}},"15":{"start":{"line":31,"column":10},"end":{"line":34,"column":null}},"16":{"start":{"line":32,"column":8},"end":{"line":32,"column":null}},"17":{"start":{"line":33,"column":8},"end":{"line":33,"column":null}},"18":{"start":{"line":34,"column":8},"end":{"line":34,"column":null}},"19":{"start":{"line":36,"column":4},"end":{"line":40,"column":null}},"20":{"start":{"line":45,"column":13},"end":{"line":46,"column":null}},"21":{"start":{"line":46,"column":4},"end":{"line":46,"column":null}}},"fnMap":{"0":{"name":"AuthProvider","decl":{"start":{"line":7,"column":9},"end":{"line":7,"column":22}},"loc":{"start":{"line":7,"column":36},"end":{"line":40,"column":null}},"line":7},"1":{"name":"(anonymous_1)","decl":{"start":{"line":13,"column":4},"end":{"line":13,"column":20}},"loc":{"start":{"line":13,"column":20},"end":{"line":20,"column":9}},"line":13},"2":{"name":"(anonymous_2)","decl":{"start":{"line":22,"column":10},"end":{"line":22,"column":19}},"loc":{"start":{"line":22,"column":28},"end":{"line":29,"column":null}},"line":22},"3":{"name":"(anonymous_3)","decl":{"start":{"line":31,"column":10},"end":{"line":31,"column":25}},"loc":{"start":{"line":31,"column":25},"end":{"line":34,"column":null}},"line":31},"4":{"name":"(anonymous_4)","decl":{"start":{"line":45,"column":13},"end":{"line":45,"column":29}},"loc":{"start":{"line":45,"column":29},"end":{"line":46,"column":null}},"line":45}},"branchMap":{"0":{"loc":{"start":{"line":15,"column":8},"end":{"line":17,"column":null}},"type":"if","locations":[{"start":{"line":15,"column":8},"end":{"line":17,"column":null}},{"start":{},"end":{}}],"line":15},"1":{"loc":{"start":{"line":15,"column":12},"end":{"line":15,"column":45}},"type":"binary-expr","locations":[{"start":{"line":15,"column":12},"end":{"line":15,"column":30}},{"start":{"line":15,"column":30},"end":{"line":15,"column":45}}],"line":15}},"s":{"0":1,"1":14,"2":14,"3":14,"4":14,"5":5,"6":5,"7":1,"8":1,"9":5,"10":14,"11":3,"12":3,"13":3,"14":3,"15":14,"16":1,"17":1,"18":1,"19":14,"20":1,"21":14},"f":{"0":14,"1":5,"2":3,"3":1,"4":14},"b":{"0":[1,4],"1":[5,1]},"meta":{"lastBranch":2,"lastFunction":5,"lastStatement":22,"seen":{"s:5:6:5:35":0,"f:7:9:7:22":0,"s:9:17:9:42":1,"s:10:18:10:44":2,"s:11:20:11:48":3,"s:13:4:20:Infinity":4,"f:13:4:13:20":1,"s:14:24:14:79":5,"b:15:8:17:Infinity:undefined:undefined:undefined:undefined":0,"s:15:8:17:Infinity":6,"b:15:12:15:30:15:30:15:45":1,"s:16:12:16:Infinity":7,"s:17:12:17:Infinity":8,"s:19:8:19:Infinity":9,"s:22:10:29:Infinity":10,"f:22:10:22:19":2,"s:23:24:26:Infinity":11,"s:27:8:27:Infinity":12,"s:28:8:28:Infinity":13,"s:29:8:29:Infinity":14,"s:31:10:34:Infinity":15,"f:31:10:31:25":3,"s:32:8:32:Infinity":16,"s:33:8:33:Infinity":17,"s:34:8:34:Infinity":18,"s:36:4:40:Infinity":19,"s:45:13:46:Infinity":20,"f:45:13:45:29":4,"s:46:4:46:Infinity":21}}}
,"/home/dev68/Desktop/Training Days/Expense-Tracker-App/frontend/src/hooks/useSelectedMonth.js": {"path":"/home/dev68/Desktop/Training Days/Expense-Tracker-App/frontend/src/hooks/useSelectedMonth.js","statementMap":{"0":{"start":{"line":7,"column":25},"end":{"line":15,"column":null}},"1":{"start":{"line":8,"column":8},"end":{"line":13,"column":null}},"2":{"start":{"line":9,"column":28},"end":{"line":9,"column":83}},"3":{"start":{"line":10,"column":30},"end":{"line":10,"column":null}},"4":{"start":{"line":11,"column":12},"end":{"line":11,"column":null}},"5":{"start":{"line":13,"column":12},"end":{"line":13,"column":null}},"6":{"start":{"line":17,"column":4},"end":{"line":20,"column":null}}},"fnMap":{"0":{"name":"useSelectedMonth","decl":{"start":{"line":5,"column":9},"end":{"line":5,"column":28}},"loc":{"start":{"line":5,"column":28},"end":{"line":20,"column":null}},"line":5},"1":{"name":"(anonymous_1)","decl":{"start":{"line":7,"column":44},"end":{"line":7,"column":59}},"loc":{"start":{"line":7,"column":59},"end":{"line":15,"column":null}},"line":7}},"branchMap":{"0":{"loc":{"start":{"line":11,"column":19},"end":{"line":11,"column":63}},"type":"cond-expr","locations":[{"start":{"line":11,"column":31},"end":{"line":11,"column":50}},{"start":{"line":11,"column":53},"end":{"line":11,"column":63}}],"line":11}},"s":{"0":6,"1":5,"2":5,"3":5,"4":5,"5":2,"6":6},"f":{"0":6,"1":5},"b":{"0":[1,2]},"meta":{"lastBranch":1,"lastFunction":2,"lastStatement":7,"seen":{"f:5:9:5:28":0,"s:7:25:15:Infinity":0,"f:7:44:7:59":1,"s:8:8:13:Infinity":1,"s:9:28:9:83":2,"s:10:30:10:Infinity":3,"s:11:12:11:Infinity":4,"b:11:31:11:50:11:53:11:63":0,"s:13:12:13:Infinity":5,"s:17:4:20:Infinity":6}}}
,"/home/dev68/Desktop/Training Days/Expense-Tracker-App/frontend/src/pages/Dashboard.jsx": {"path":"/home/dev68/Desktop/Training Days/Expense-Tracker-App/frontend/src/pages/Dashboard.jsx","statementMap":{"0":{"start":{"line":21,"column":22},"end":{"line":21,"column":53}},"1":{"start":{"line":22,"column":21},"end":{"line":22,"column":48}},"2":{"start":{"line":23,"column":20},"end":{"line":23,"column":49}},"3":{"start":{"line":24,"column":26},"end":{"line":24,"column":64}},"4":{"start":{"line":26,"column":4},"end":{"line":28,"column":null}},"5":{"start":{"line":27,"column":8},"end":{"line":27,"column":null}},"6":{"start":{"line":30,"column":26},"end":{"line":39,"column":null}},"7":{"start":{"line":31,"column":8},"end":{"line":31,"column":null}},"8":{"start":{"line":32,"column":8},"end":{"line":39,"column":null}},"9":{"start":{"line":33,"column":29},"end":{"line":33,"column":48}},"10":{"start":{"line":34,"column":12},"end":{"line":34,"column":null}},"11":{"start":{"line":35,"column":12},"end":{"line":35,"column":null}},"12":{"start":{"line":37,"column":12},"end":{"line":37,"column":null}},"13":{"start":{"line":39,"column":12},"end":{"line":39,"column":null}},"14":{"start":{"line":43,"column":29},"end":{"line":65,"column":null}},"15":{"start":{"line":45,"column":14},"end":{"line":45,"column":60}},"16":{"start":{"line":49,"column":4},"end":{"line":50,"column":null}},"17":{"start":{"line":50,"column":8},"end":{"line":50,"column":null}},"18":{"start":{"line":53,"column":8},"end":{"line":53,"column":null}},"19":{"start":{"line":55,"column":8},"end":{"line":65,"column":null}},"20":{"start":{"line":56,"column":29},"end":{"line":56,"column":53}},"21":{"start":{"line":57,"column":12},"end":{"line":57,"column":null}},"22":{"start":{"line":58,"column":12},"end":{"line":58,"column":null}},"23":{"start":{"line":59,"column":12},"end":{"line":59,"column":null}},"24":{"start":{"line":62,"column":12},"end":{"line":62,"column":null}},"25":{"start":{"line":63,"column":12},"end":{"line":63,"column":null}},"26":{"start":{"line":65,"column":12},"end":{"line":65,"column":null}},"27":{"start":{"line":68,"column":10},"end":{"line":68,"column":74}},"28":{"start":{"line":70,"column":25},"end":{"line":70,"column":93}},"29":{"start":{"line":70,"column":64},"end":{"line":70,"column":89}},"30":{"start":{"line":72,"column":30},"end":{"line":72,"column":null}},"31":{"start":{"line":74,"column":28},"end":{"line":74,"column":null}},"32":{"start":{"line":74,"column":70},"end":{"line":74,"column":87}},"33":{"start":{"line":76,"column":4},"end":{"line":77,"column":null}},"34":{"start":{"line":77,"column":8},"end":{"line":77,"column":null}},"35":{"start":{"line":80,"column":4},"end":{"line":127,"column":null}}},"fnMap":{"0":{"name":"Dashboard","decl":{"start":{"line":19,"column":9},"end":{"line":19,"column":21}},"loc":{"start":{"line":19,"column":21},"end":{"line":127,"column":null}},"line":19},"1":{"name":"(anonymous_1)","decl":{"start":{"line":26,"column":4},"end":{"line":26,"column":20}},"loc":{"start":{"line":26,"column":20},"end":{"line":28,"column":9}},"line":26},"2":{"name":"(anonymous_2)","decl":{"start":{"line":30,"column":26},"end":{"line":30,"column":38}},"loc":{"start":{"line":30,"column":38},"end":{"line":39,"column":null}},"line":30},"3":{"name":"(anonymous_3)","decl":{"start":{"line":43,"column":29},"end":{"line":43,"column":36}},"loc":{"start":{"line":43,"column":47},"end":{"line":65,"column":null}},"line":43},"4":{"name":"(anonymous_4)","decl":{"start":{"line":70,"column":42},"end":{"line":70,"column":50}},"loc":{"start":{"line":70,"column":64},"end":{"line":70,"column":89}},"line":70},"5":{"name":"(anonymous_5)","decl":{"start":{"line":74,"column":53},"end":{"line":74,"column":58}},"loc":{"start":{"line":74,"column":70},"end":{"line":74,"column":87}},"line":74}},"branchMap":{"0":{"loc":{"start":{"line":49,"column":4},"end":{"line":50,"column":null}},"type":"if","locations":[{"start":{"line":49,"column":4},"end":{"line":50,"column":null}},{"start":{},"end":{}}],"line":49},"1":{"loc":{"start":{"line":76,"column":4},"end":{"line":77,"column":null}},"type":"if","locations":[{"start":{"line":76,"column":4},"end":{"line":77,"column":null}},{"start":{},"end":{}}],"line":76},"2":{"loc":{"start":{"line":104,"column":28},"end":{"line":104,"column":147}},"type":"cond-expr","locations":[{"start":{"line":104,"column":54},"end":{"line":104,"column":127}},{"start":{"line":104,"column":127},"end":{"line":104,"column":147}}],"line":104},"3":{"loc":{"start":{"line":126,"column":16},"end":{"line":127,"column":null}},"type":"binary-expr","locations":[{"start":{"line":126,"column":16},"end":{"line":126,"column":null}},{"start":{"line":127,"column":16},"end":{"line":127,"column":null}}],"line":126}},"s":{"0":18,"1":18,"2":18,"3":18,"4":18,"5":6,"6":18,"7":6,"8":6,"9":6,"10":6,"11":6,"12":0,"13":6,"14":18,"15":0,"16":0,"17":0,"18":0,"19":0,"20":0,"21":0,"22":0,"23":0,"24":0,"25":0,"26":0,"27":18,"28":18,"29":0,"30":18,"31":18,"32":0,"33":18,"34":6,"35":12},"f":{"0":18,"1":6,"2":6,"3":0,"4":0,"5":0},"b":{"0":[0,0],"1":[6,12],"2":[0,12],"3":[18,1]},"meta":{"lastBranch":4,"lastFunction":6,"lastStatement":36,"seen":{"f:19:9:19:21":0,"s:21:22:21:53":0,"s:22:21:22:48":1,"s:23:20:23:49":2,"s:24:26:24:64":3,"s:26:4:28:Infinity":4,"f:26:4:26:20":1,"s:27:8:27:Infinity":5,"s:30:26:39:Infinity":6,"f:30:26:30:38":2,"s:31:8:31:Infinity":7,"s:32:8:39:Infinity":8,"s:33:29:33:48":9,"s:34:12:34:Infinity":10,"s:35:12:35:Infinity":11,"s:37:12:37:Infinity":12,"s:39:12:39:Infinity":13,"s:43:29:65:Infinity":14,"f:43:29:43:36":3,"s:45:14:45:60":15,"b:49:4:50:Infinity:undefined:undefined:undefined:undefined":0,"s:49:4:50:Infinity":16,"s:50:8:50:Infinity":17,"s:53:8:53:Infinity":18,"s:55:8:65:Infinity":19,"s:56:29:56:53":20,"s:57:12:57:Infinity":21,"s:58:12:58:Infinity":22,"s:59:12:59:Infinity":23,"s:62:12:62:Infinity":24,"s:63:12:63:Infinity":25,"s:65:12:65:Infinity":26,"s:68:10:68:74":27,"s:70:25:70:93":28,"f:70:42:70:50":4,"s:70:64:70:89":29,"s:72:30:72:Infinity":30,"s:74:28:74:Infinity":31,"f:74:53:74:58":5,"s:74:70:74:87":32,"b:76:4:77:Infinity:undefined:undefined:undefined:undefined":1,"s:76:4:77:Infinity":33,"s:77:8:77:Infinity":34,"s:80:4:127:Infinity":35,"b:104:54:104:127:104:127:104:147":2,"b:126:16:126:Infinity:127:16:127:Infinity":3}}}
,"/home/dev68/Desktop/Training Days/Expense-Tracker-App/frontend/src/pages/Login.jsx": {"path":"/home/dev68/Desktop/Training Days/Expense-Tracker-App/frontend/src/pages/Login.jsx","statementMap":{"0":{"start":{"line":17,"column":10},"end":{"line":17,"column":29}},"1":{"start":{"line":18,"column":8},"end":{"line":18,"column":32}},"2":{"start":{"line":19,"column":23},"end":{"line":19,"column":57}},"3":{"start":{"line":20,"column":18},"end":{"line":20,"column":47}},"4":{"start":{"line":22,"column":8},"end":{"line":47,"column":4}},"5":{"start":{"line":32,"column":6},"end":{"line":44,"column":null}},"6":{"start":{"line":33,"column":8},"end":{"line":33,"column":null}},"7":{"start":{"line":34,"column":25},"end":{"line":34,"column":48}},"8":{"start":{"line":35,"column":8},"end":{"line":38,"column":null}},"9":{"start":{"line":39,"column":8},"end":{"line":39,"column":null}},"10":{"start":{"line":40,"column":8},"end":{"line":40,"column":null}},"11":{"start":{"line":41,"column":8},"end":{"line":41,"column":null}},"12":{"start":{"line":43,"column":8},"end":{"line":43,"column":null}},"13":{"start":{"line":44,"column":8},"end":{"line":44,"column":null}},"14":{"start":{"line":49,"column":2},"end":{"line":124,"column":null}},"15":{"start":{"line":85,"column":33},"end":{"line":85,"column":null}},"16":{"start":{"line":98,"column":30},"end":{"line":98,"column":49}},"17":{"start":{"line":112,"column":18},"end":{"line":112,"column":null}},"18":{"start":{"line":119,"column":31},"end":{"line":119,"column":50}}},"fnMap":{"0":{"name":"Login","decl":{"start":{"line":15,"column":9},"end":{"line":15,"column":17}},"loc":{"start":{"line":15,"column":17},"end":{"line":124,"column":null}},"line":15},"1":{"name":"(anonymous_1)","decl":{"start":{"line":31,"column":14},"end":{"line":31,"column":21}},"loc":{"start":{"line":31,"column":47},"end":{"line":44,"column":null}},"line":31},"2":{"name":"(anonymous_2)","decl":{"start":{"line":85,"column":16},"end":{"line":85,"column":31}},"loc":{"start":{"line":85,"column":31},"end":{"line":85,"column":null}},"line":85},"3":{"name":"(anonymous_3)","decl":{"start":{"line":98,"column":14},"end":{"line":98,"column":24}},"loc":{"start":{"line":98,"column":30},"end":{"line":98,"column":49}},"line":98},"4":{"name":"(anonymous_4)","decl":{"start":{"line":111,"column":16},"end":{"line":111,"column":31}},"loc":{"start":{"line":111,"column":31},"end":{"line":112,"column":null}},"line":111},"5":{"name":"(anonymous_5)","decl":{"start":{"line":119,"column":16},"end":{"line":119,"column":31}},"loc":{"start":{"line":119,"column":31},"end":{"line":119,"column":50}},"line":119}},"branchMap":{"0":{"loc":{"start":{"line":44,"column":20},"end":{"line":44,"column":67}},"type":"binary-expr","locations":[{"start":{"line":44,"column":20},"end":{"line":44,"column":51}},{"start":{"line":44,"column":51},"end":{"line":44,"column":67}}],"line":44},"1":{"loc":{"start":{"line":67,"column":15},"end":{"line":68,"column":null}},"type":"binary-expr","locations":[{"start":{"line":67,"column":15},"end":{"line":67,"column":39}},{"start":{"line":67,"column":39},"end":{"line":67,"column":null}},{"start":{"line":68,"column":16},"end":{"line":68,"column":null}}],"line":67},"2":{"loc":{"start":{"line":75,"column":22},"end":{"line":75,"column":null}},"type":"cond-expr","locations":[{"start":{"line":75,"column":37},"end":{"line":75,"column":46}},{"start":{"line":75,"column":46},"end":{"line":75,"column":null}}],"line":75},"3":{"loc":{"start":{"line":87,"column":17},"end":{"line":87,"column":null}},"type":"cond-expr","locations":[{"start":{"line":87,"column":32},"end":{"line":87,"column":60}},{"start":{"line":87,"column":59},"end":{"line":87,"column":null}}],"line":87},"4":{"loc":{"start":{"line":90,"column":15},"end":{"line":91,"column":null}},"type":"binary-expr","locations":[{"start":{"line":90,"column":15},"end":{"line":90,"column":42}},{"start":{"line":90,"column":42},"end":{"line":90,"column":null}},{"start":{"line":91,"column":16},"end":{"line":91,"column":null}}],"line":90},"5":{"loc":{"start":{"line":100,"column":15},"end":{"line":102,"column":null}},"type":"cond-expr","locations":[{"start":{"line":101,"column":18},"end":{"line":102,"column":null}},{"start":{"line":102,"column":18},"end":{"line":102,"column":null}}],"line":100}},"s":{"0":55,"1":55,"2":55,"3":55,"4":55,"5":1,"6":1,"7":1,"8":1,"9":1,"10":1,"11":1,"12":0,"13":0,"14":55,"15":1,"16":2,"17":0,"18":1},"f":{"0":55,"1":1,"2":1,"3":2,"4":0,"5":1},"b":{"0":[0,0],"1":[55,18,1],"2":[1,54],"3":[1,54],"4":[55,4,1],"5":[1,54]},"meta":{"lastBranch":6,"lastFunction":6,"lastStatement":19,"seen":{"f:15:9:15:17":0,"s:17:10:17:29":0,"s:18:8:18:32":1,"s:19:23:19:57":2,"s:20:18:20:47":3,"s:22:8:47:4":4,"f:31:14:31:21":1,"s:32:6:44:Infinity":5,"s:33:8:33:Infinity":6,"s:34:25:34:48":7,"s:35:8:38:Infinity":8,"s:39:8:39:Infinity":9,"s:40:8:40:Infinity":10,"s:41:8:41:Infinity":11,"s:43:8:43:Infinity":12,"s:44:8:44:Infinity":13,"b:44:20:44:51:44:51:44:67":0,"s:49:2:124:Infinity":14,"b:67:15:67:39:67:39:67:Infinity:68:16:68:Infinity":1,"b:75:37:75:46:75:46:75:Infinity":2,"f:85:16:85:31":2,"s:85:33:85:Infinity":15,"b:87:32:87:60:87:59:87:Infinity":3,"b:90:15:90:42:90:42:90:Infinity:91:16:91:Infinity":4,"f:98:14:98:24":3,"s:98:30:98:49":16,"b:101:18:102:Infinity:102:18:102:Infinity":5,"f:111:16:111:31":4,"s:112:18:112:Infinity":17,"f:119:16:119:31":5,"s:119:31:119:50":18}}}
,"/home/dev68/Desktop/Training Days/Expense-Tracker-App/frontend/src/pages/SignUp.jsx": {"path":"/home/dev68/Desktop/Training Days/Expense-Tracker-App/frontend/src/pages/SignUp.jsx","statementMap":{"0":{"start":{"line":15,"column":8},"end":{"line":15,"column":32}},"1":{"start":{"line":16,"column":23},"end":{"line":16,"column":57}},"2":{"start":{"line":17,"column":18},"end":{"line":17,"column":47}},"3":{"start":{"line":19,"column":8},"end":{"line":42,"column":4}},"4":{"start":{"line":31,"column":6},"end":{"line":39,"column":null}},"5":{"start":{"line":32,"column":8},"end":{"line":32,"column":null}},"6":{"start":{"line":33,"column":25},"end":{"line":33,"column":51}},"7":{"start":{"line":34,"column":8},"end":{"line":34,"column":null}},"8":{"start":{"line":35,"column":8},"end":{"line":35,"column":null}},"9":{"start":{"line":36,"column":8},"end":{"line":36,"column":null}},"10":{"start":{"line":38,"column":8},"end":{"line":38,"column":null}},"11":{"start":{"line":39,"column":8},"end":{"line":39,"column":null}},"12":{"start":{"line":43,"column":2},"end":{"line":125,"column":null}},"13":{"start":{"line":95,"column":33},"end":{"line":95,"column":null}},"14":{"start":{"line":117,"column":31},"end":{"line":117,"column":49}}},"fnMap":{"0":{"name":"SignUp","decl":{"start":{"line":13,"column":9},"end":{"line":13,"column":18}},"loc":{"start":{"line":13,"column":18},"end":{"line":125,"column":null}},"line":13},"1":{"name":"(anonymous_1)","decl":{"start":{"line":30,"column":14},"end":{"line":30,"column":21}},"loc":{"start":{"line":30,"column":47},"end":{"line":39,"column":null}},"line":30},"2":{"name":"(anonymous_2)","decl":{"start":{"line":95,"column":16},"end":{"line":95,"column":31}},"loc":{"start":{"line":95,"column":31},"end":{"line":95,"column":null}},"line":95},"3":{"name":"(anonymous_3)","decl":{"start":{"line":117,"column":16},"end":{"line":117,"column":31}},"loc":{"start":{"line":117,"column":31},"end":{"line":117,"column":49}},"line":117}},"branchMap":{"0":{"loc":{"start":{"line":38,"column":20},"end":{"line":38,"column":76}},"type":"binary-expr","locations":[{"start":{"line":38,"column":20},"end":{"line":38,"column":51}},{"start":{"line":38,"column":51},"end":{"line":38,"column":76}}],"line":38},"1":{"loc":{"start":{"line":62,"column":15},"end":{"line":63,"column":null}},"type":"binary-expr","locations":[{"start":{"line":62,"column":15},"end":{"line":62,"column":38}},{"start":{"line":62,"column":38},"end":{"line":62,"column":null}},{"start":{"line":63,"column":16},"end":{"line":63,"column":null}}],"line":62},"2":{"loc":{"start":{"line":78,"column":15},"end":{"line":79,"column":null}},"type":"binary-expr","locations":[{"start":{"line":78,"column":15},"end":{"line":78,"column":39}},{"start":{"line":78,"column":39},"end":{"line":78,"column":null}},{"start":{"line":79,"column":16},"end":{"line":79,"column":null}}],"line":78},"3":{"loc":{"start":{"line":86,"column":22},"end":{"line":86,"column":null}},"type":"cond-expr","locations":[{"start":{"line":86,"column":37},"end":{"line":86,"column":46}},{"start":{"line":86,"column":46},"end":{"line":86,"column":null}}],"line":86},"4":{"loc":{"start":{"line":97,"column":17},"end":{"line":97,"column":null}},"type":"cond-expr","locations":[{"start":{"line":97,"column":32},"end":{"line":97,"column":60}},{"start":{"line":97,"column":59},"end":{"line":97,"column":null}}],"line":97},"5":{"loc":{"start":{"line":99,"column":15},"end":{"line":100,"column":null}},"type":"binary-expr","locations":[{"start":{"line":99,"column":15},"end":{"line":99,"column":42}},{"start":{"line":99,"column":42},"end":{"line":99,"column":null}},{"start":{"line":100,"column":16},"end":{"line":100,"column":null}}],"line":99},"6":{"loc":{"start":{"line":109,"column":16},"end":{"line":111,"column":null}},"type":"cond-expr","locations":[{"start":{"line":110,"column":20},"end":{"line":111,"column":null}},{"start":{"line":111,"column":20},"end":{"line":111,"column":null}}],"line":109}},"s":{"0":73,"1":73,"2":73,"3":73,"4":1,"5":1,"6":1,"7":1,"8":1,"9":1,"10":0,"11":0,"12":73,"13":1,"14":1},"f":{"0":73,"1":1,"2":1,"3":1},"b":{"0":[0,0],"1":[73,48,1],"2":[73,18,1],"3":[1,72],"4":[1,72],"5":[73,4,1],"6":[1,72]},"meta":{"lastBranch":7,"lastFunction":4,"lastStatement":15,"seen":{"f:13:9:13:18":0,"s:15:8:15:32":0,"s:16:23:16:57":1,"s:17:18:17:47":2,"s:19:8:42:4":3,"f:30:14:30:21":1,"s:31:6:39:Infinity":4,"s:32:8:32:Infinity":5,"s:33:25:33:51":6,"s:34:8:34:Infinity":7,"s:35:8:35:Infinity":8,"s:36:8:36:Infinity":9,"s:38:8:38:Infinity":10,"b:38:20:38:51:38:51:38:76":0,"s:39:8:39:Infinity":11,"s:43:2:125:Infinity":12,"b:62:15:62:38:62:38:62:Infinity:63:16:63:Infinity":1,"b:78:15:78:39:78:39:78:Infinity:79:16:79:Infinity":2,"b:86:37:86:46:86:46:86:Infinity":3,"f:95:16:95:31":2,"s:95:33:95:Infinity":13,"b:97:32:97:60:97:59:97:Infinity":4,"b:99:15:99:42:99:42:99:Infinity:100:16:100:Infinity":5,"b:110:20:111:Infinity:111:20:111:Infinity":6,"f:117:16:117:31":3,"s:117:31:117:49":14}}}
,"/home/dev68/Desktop/Training Days/Expense-Tracker-App/frontend/src/routes/ProtectedRoute.jsx": {"path":"/home/dev68/Desktop/Training Days/Expense-Tracker-App/frontend/src/routes/ProtectedRoute.jsx","statementMap":{"0":{"start":{"line":9,"column":19},"end":{"line":9,"column":40}},"1":{"start":{"line":11,"column":4},"end":{"line":15,"column":null}},"2":{"start":{"line":12,"column":8},"end":{"line":15,"column":null}},"3":{"start":{"line":19,"column":4},"end":{"line":19,"column":null}}},"fnMap":{"0":{"name":"Protectedroute","decl":{"start":{"line":7,"column":9},"end":{"line":7,"column":24}},"loc":{"start":{"line":7,"column":38},"end":{"line":19,"column":null}},"line":7}},"branchMap":{"0":{"loc":{"start":{"line":11,"column":4},"end":{"line":15,"column":null}},"type":"if","locations":[{"start":{"line":11,"column":4},"end":{"line":15,"column":null}},{"start":{},"end":{}}],"line":11},"1":{"loc":{"start":{"line":19,"column":11},"end":{"line":19,"column":null}},"type":"cond-expr","locations":[{"start":{"line":19,"column":19},"end":{"line":19,"column":30}},{"start":{"line":19,"column":30},"end":{"line":19,"column":null}}],"line":19}},"s":{"0":3,"1":3,"2":1,"3":2},"f":{"0":3},"b":{"0":[1,2],"1":[1,1]},"meta":{"lastBranch":2,"lastFunction":1,"lastStatement":4,"seen":{"f:7:9:7:24":0,"s:9:19:9:40":0,"b:11:4:15:Infinity:undefined:undefined:undefined:undefined":0,"s:11:4:15:Infinity":1,"s:12:8:15:Infinity":2,"s:19:4:19:Infinity":3,"b:19:19:19:30:19:30:19:Infinity":1}}}
,"/home/dev68/Desktop/Training Days/Expense-Tracker-App/frontend/src/routes/PublicRoute.jsx": {"path":"/home/dev68/Desktop/Training Days/Expense-Tracker-App/frontend/src/routes/PublicRoute.jsx","statementMap":{"0":{"start":{"line":9,"column":19},"end":{"line":9,"column":40}},"1":{"start":{"line":11,"column":4},"end":{"line":13,"column":null}},"2":{"start":{"line":12,"column":8},"end":{"line":13,"column":null}},"3":{"start":{"line":16,"column":4},"end":{"line":16,"column":null}}},"fnMap":{"0":{"name":"PublicRoute","decl":{"start":{"line":7,"column":9},"end":{"line":7,"column":21}},"loc":{"start":{"line":7,"column":35},"end":{"line":16,"column":null}},"line":7}},"branchMap":{"0":{"loc":{"start":{"line":11,"column":4},"end":{"line":13,"column":null}},"type":"if","locations":[{"start":{"line":11,"column":4},"end":{"line":13,"column":null}},{"start":{},"end":{}}],"line":11},"1":{"loc":{"start":{"line":16,"column":11},"end":{"line":16,"column":null}},"type":"cond-expr","locations":[{"start":{"line":16,"column":19},"end":{"line":16,"column":null}},{"start":{"line":16,"column":50},"end":{"line":16,"column":null}}],"line":16}},"s":{"0":3,"1":3,"2":1,"3":2},"f":{"0":3},"b":{"0":[1,2],"1":[1,1]},"meta":{"lastBranch":2,"lastFunction":1,"lastStatement":4,"seen":{"f:7:9:7:21":0,"s:9:19:9:40":0,"b:11:4:13:Infinity:undefined:undefined:undefined:undefined":0,"s:11:4:13:Infinity":1,"s:12:8:13:Infinity":2,"s:16:4:16:Infinity":3,"b:16:19:16:Infinity:16:50:16:Infinity":1}}}
,"/home/dev68/Desktop/Training Days/Expense-Tracker-App/frontend/src/services/authServices.js": {"path":"/home/dev68/Desktop/Training Days/Expense-Tracker-App/frontend/src/services/authServices.js","statementMap":{"0":{"start":{"line":5,"column":25},"end":{"line":6,"column":null}},"1":{"start":{"line":6,"column":4},"end":{"line":6,"column":null}},"2":{"start":{"line":9,"column":28},"end":{"line":10,"column":null}},"3":{"start":{"line":10,"column":4},"end":{"line":10,"column":null}}},"fnMap":{"0":{"name":"(anonymous_0)","decl":{"start":{"line":5,"column":25},"end":{"line":5,"column":32}},"loc":{"start":{"line":5,"column":45},"end":{"line":6,"column":null}},"line":5},"1":{"name":"(anonymous_1)","decl":{"start":{"line":9,"column":28},"end":{"line":9,"column":35}},"loc":{"start":{"line":9,"column":48},"end":{"line":10,"column":null}},"line":9}},"branchMap":{},"s":{"0":1,"1":1,"2":1,"3":1},"f":{"0":1,"1":1},"b":{},"meta":{"lastBranch":0,"lastFunction":2,"lastStatement":4,"seen":{"s:5:25:6:Infinity":0,"f:5:25:5:32":0,"s:6:4:6:Infinity":1,"s:9:28:10:Infinity":2,"f:9:28:9:35":1,"s:10:4:10:Infinity":3}}}
,"/home/dev68/Desktop/Training Days/Expense-Tracker-App/frontend/src/services/expenseServices.js": {"path":"/home/dev68/Desktop/Training Days/Expense-Tracker-App/frontend/src/services/expenseServices.js","statementMap":{"0":{"start":{"line":5,"column":26},"end":{"line":6,"column":null}},"1":{"start":{"line":6,"column":4},"end":{"line":6,"column":null}},"2":{"start":{"line":9,"column":27},"end":{"line":10,"column":null}},"3":{"start":{"line":10,"column":4},"end":{"line":10,"column":null}},"4":{"start":{"line":13,"column":29},"end":{"line":14,"column":null}},"5":{"start":{"line":14,"column":4},"end":{"line":14,"column":null}},"6":{"start":{"line":17,"column":29},"end":{"line":18,"column":null}},"7":{"start":{"line":18,"column":4},"end":{"line":18,"column":null}}},"fnMap":{"0":{"name":"(anonymous_0)","decl":{"start":{"line":5,"column":26},"end":{"line":5,"column":33}},"loc":{"start":{"line":5,"column":49},"end":{"line":6,"column":null}},"line":5},"1":{"name":"(anonymous_1)","decl":{"start":{"line":9,"column":27},"end":{"line":9,"column":39}},"loc":{"start":{"line":9,"column":39},"end":{"line":10,"column":null}},"line":9},"2":{"name":"(anonymous_2)","decl":{"start":{"line":13,"column":29},"end":{"line":13,"column":36}},"loc":{"start":{"line":13,"column":56},"end":{"line":14,"column":null}},"line":13},"3":{"name":"(anonymous_3)","decl":{"start":{"line":17,"column":29},"end":{"line":17,"column":36}},"loc":{"start":{"line":17,"column":43},"end":{"line":18,"column":null}},"line":17}},"branchMap":{},"s":{"0":1,"1":1,"2":1,"3":1,"4":1,"5":1,"6":1,"7":1},"f":{"0":1,"1":1,"2":1,"3":1},"b":{},"meta":{"lastBranch":0,"lastFunction":4,"lastStatement":8,"seen":{"s:5:26:6:Infinity":0,"f:5:26:5:33":0,"s:6:4:6:Infinity":1,"s:9:27:10:Infinity":2,"f:9:27:9:39":1,"s:10:4:10:Infinity":3,"s:13:29:14:Infinity":4,"f:13:29:13:36":2,"s:14:4:14:Infinity":5,"s:17:29:18:Infinity":6,"f:17:29:17:36":3,"s:18:4:18:Infinity":7}}}
,"/home/dev68/Desktop/Training Days/Expense-Tracker-App/frontend/src/utils/api.js": {"path":"/home/dev68/Desktop/Training Days/Expense-Tracker-App/frontend/src/utils/api.js","statementMap":{"0":{"start":{"line":5,"column":12},"end":{"line":7,"column":2}},"1":{"start":{"line":9,"column":0},"end":{"line":16,"column":null}},"2":{"start":{"line":10,"column":20},"end":{"line":10,"column":75}},"3":{"start":{"line":11,"column":18},"end":{"line":11,"column":null}},"4":{"start":{"line":12,"column":4},"end":{"line":13,"column":null}},"5":{"start":{"line":13,"column":8},"end":{"line":13,"column":null}},"6":{"start":{"line":15,"column":4},"end":{"line":15,"column":null}}},"fnMap":{"0":{"name":"(anonymous_0)","decl":{"start":{"line":9,"column":25},"end":{"line":9,"column":30}},"loc":{"start":{"line":9,"column":38},"end":{"line":16,"column":null}},"line":9}},"branchMap":{"0":{"loc":{"start":{"line":12,"column":4},"end":{"line":13,"column":null}},"type":"if","locations":[{"start":{"line":12,"column":4},"end":{"line":13,"column":null}},{"start":{},"end":{}}],"line":12}},"s":{"0":1,"1":1,"2":2,"3":2,"4":2,"5":1,"6":2},"f":{"0":2},"b":{"0":[1,1]},"meta":{"lastBranch":1,"lastFunction":1,"lastStatement":7,"seen":{"s:5:12:7:2":0,"s:9:0:16:Infinity":1,"f:9:25:9:30":0,"s:10:20:10:75":2,"s:11:18:11:Infinity":3,"b:12:4:13:Infinity:undefined:undefined:undefined:undefined":0,"s:12:4:13:Infinity":4,"s:13:8:13:Infinity":5,"s:15:4:15:Infinity":6}}}
,"/home/dev68/Desktop/Training Days/Expense-Tracker-App/frontend/src/utils/checkBudgetLimits.js": {"path":"/home/dev68/Desktop/Training Days/Expense-Tracker-App/frontend/src/utils/checkBudgetLimits.js","statementMap":{"0":{"start":{"line":6,"column":6},"end":{"line":48,"column":null}},"1":{"start":{"line":8,"column":21},"end":{"line":8,"column":50}},"2":{"start":{"line":10,"column":18},"end":{"line":10,"column":null}},"3":{"start":{"line":12,"column":29},"end":{"line":19,"column":null}},"4":{"start":{"line":14,"column":8},"end":{"line":15,"column":null}},"5":{"start":{"line":15,"column":12},"end":{"line":15,"column":null}},"6":{"start":{"line":18,"column":8},"end":{"line":18,"column":null}},"7":{"start":{"line":21,"column":25},"end":{"line":29,"column":null}},"8":{"start":{"line":24,"column":16},"end":{"line":24,"column":null}},"9":{"start":{"line":28,"column":16},"end":{"line":28,"column":46}},"10":{"start":{"line":32,"column":21},"end":{"line":32,"column":57}},"11":{"start":{"line":34,"column":4},"end":{"line":38,"column":null}},"12":{"start":{"line":36,"column":8},"end":{"line":36,"column":null}},"13":{"start":{"line":38,"column":8},"end":{"line":38,"column":null}},"14":{"start":{"line":41,"column":4},"end":{"line":45,"column":null}},"15":{"start":{"line":43,"column":8},"end":{"line":45,"column":null}},"16":{"start":{"line":48,"column":4},"end":{"line":48,"column":null}}},"fnMap":{"0":{"name":"(anonymous_0)","decl":{"start":{"line":6,"column":6},"end":{"line":6,"column":26}},"loc":{"start":{"line":6,"column":72},"end":{"line":48,"column":null}},"line":6},"1":{"name":"(anonymous_1)","decl":{"start":{"line":12,"column":38},"end":{"line":12,"column":46}},"loc":{"start":{"line":12,"column":58},"end":{"line":19,"column":null}},"line":12},"2":{"name":"(anonymous_2)","decl":{"start":{"line":22,"column":9},"end":{"line":22,"column":null}},"loc":{"start":{"line":24,"column":16},"end":{"line":24,"column":null}},"line":24},"3":{"name":"(anonymous_3)","decl":{"start":{"line":26,"column":9},"end":{"line":26,"column":null}},"loc":{"start":{"line":28,"column":16},"end":{"line":28,"column":46}},"line":28}},"branchMap":{"0":{"loc":{"start":{"line":6,"column":44},"end":{"line":6,"column":72}},"type":"default-arg","locations":[{"start":{"line":6,"column":63},"end":{"line":6,"column":72}}],"line":6},"1":{"loc":{"start":{"line":10,"column":18},"end":{"line":10,"column":null}},"type":"binary-expr","locations":[{"start":{"line":10,"column":18},"end":{"line":10,"column":44}},{"start":{"line":10,"column":44},"end":{"line":10,"column":null}}],"line":10},"2":{"loc":{"start":{"line":14,"column":8},"end":{"line":15,"column":null}},"type":"if","locations":[{"start":{"line":14,"column":8},"end":{"line":15,"column":null}},{"start":{},"end":{}}],"line":14},"3":{"loc":{"start":{"line":34,"column":4},"end":{"line":38,"column":null}},"type":"if","locations":[{"start":{"line":34,"column":4},"end":{"line":38,"column":null}},{"start":{},"end":{}}],"line":34},"4":{"loc":{"start":{"line":41,"column":4},"end":{"line":45,"column":null}},"type":"if","locations":[{"start":{"line":41,"column":4},"end":{"line":45,"column":null}},{"start":{},"end":{}}],"line":41}},"s":{"0":2,"1":6,"2":6,"3":6,"4":5,"5":1,"6":4,"7":6,"8":4,"9":4,"10":6,"11":6,"12":2,"13":2,"14":4,"15":1,"16":4},"f":{"0":6,"1":5,"2":4,"3":4},"b":{"0":[6],"1":[6,0],"2":[1,4],"3":[2,4],"4":[1,3]},"meta":{"lastBranch":5,"lastFunction":4,"lastStatement":17,"seen":{"s:6:6:48:Infinity":0,"f:6:6:6:26":0,"b:6:63:6:72":0,"s:8:21:8:50":1,"s:10:18:10:Infinity":2,"b:10:18:10:44:10:44:10:Infinity":1,"s:12:29:19:Infinity":3,"f:12:38:12:46":1,"b:14:8:15:Infinity:undefined:undefined:undefined:undefined":2,"s:14:8:15:Infinity":4,"s:15:12:15:Infinity":5,"s:18:8:18:Infinity":6,"s:21:25:29:Infinity":7,"f:22:9:22:Infinity":2,"s:24:16:24:Infinity":8,"f:26:9:26:Infinity":3,"s:28:16:28:46":9,"s:32:21:32:57":10,"b:34:4:38:Infinity:undefined:undefined:undefined:undefined":3,"s:34:4:38:Infinity":11,"s:36:8:36:Infinity":12,"s:38:8:38:Infinity":13,"b:41:4:45:Infinity:undefined:undefined:undefined:undefined":4,"s:41:4:45:Infinity":14,"s:43:8:45:Infinity":15,"s:48:4:48:Infinity":16}}}
,"/home/dev68/Desktop/Training Days/Expense-Tracker-App/frontend/src/utils/filterExpensesByMonth.js": {"path":"/home/dev68/Desktop/Training Days/Expense-Tracker-App/frontend/src/utils/filterExpensesByMonth.js","statementMap":{"0":{"start":{"line":3,"column":6},"end":{"line":13,"column":null}},"1":{"start":{"line":5,"column":4},"end":{"line":13,"column":null}},"2":{"start":{"line":7,"column":28},"end":{"line":7,"column":50}},"3":{"start":{"line":9,"column":8},"end":{"line":11,"column":null}}},"fnMap":{"0":{"name":"(anonymous_0)","decl":{"start":{"line":3,"column":6},"end":{"line":3,"column":31}},"loc":{"start":{"line":3,"column":58},"end":{"line":13,"column":null}},"line":3},"1":{"name":"(anonymous_1)","decl":{"start":{"line":5,"column":20},"end":{"line":5,"column":28}},"loc":{"start":{"line":5,"column":40},"end":{"line":13,"column":null}},"line":5}},"branchMap":{"0":{"loc":{"start":{"line":10,"column":12},"end":{"line":11,"column":68}},"type":"binary-expr","locations":[{"start":{"line":10,"column":12},"end":{"line":10,"column":62}},{"start":{"line":11,"column":12},"end":{"line":11,"column":68}}],"line":10}},"s":{"0":2,"1":16,"2":9,"3":9},"f":{"0":16,"1":9},"b":{"0":[9,6]},"meta":{"lastBranch":1,"lastFunction":2,"lastStatement":4,"seen":{"s:3:6:13:Infinity":0,"f:3:6:3:31":0,"s:5:4:13:Infinity":1,"f:5:20:5:28":1,"s:7:28:7:50":2,"s:9:8:11:Infinity":3,"b:10:12:10:62:11:12:11:68":0}}}
}
